
succ :/Users/mortimer/Desktop/working/CAISHEN/CAISHEN/AppDelegate/KXAppDelegate.m
succ :/Users/mortimer/Desktop/working/CAISHEN/CAISHEN/AppDelegate/KXBaseViewController.m

succ :/Users/mortimer/Desktop/working/CAISHEN/CAISHEN/AppDelegate/KXHomeNavgationController.m
succ :/Users/mortimer/Desktop/working/CAISHEN/CAISHEN/AppDelegate/KXHomeViewController.m
succ :/Users/mortimer/Desktop/working/CAISHEN/CAISHEN/AppDelegateTTWaterFlow/testWaterFlow/TTLayout.m
succ :/Users/mortimer/Desktop/working/CAISHEN/CAISHEN/Calculator/CalculatePage/VC/KXCalculatePageViewController.m
succ :/Users/mortimer/Desktop/working/CAISHEN/CAISHEN/Calculator/CalculatePage/VC自定义collectionView/YYCollectionViewCell.m
succ :/Users/mortimer/Desktop/working/CAISHEN/CAISHEN/Calculator/CalculatePage/VC自定义collectionView/YYCollectionViewLayout.m
succ :/Users/mortimer/Desktop/working/CAISHEN/CAISHEN/Calculator/CalculatePage/VC自定义collectionView/YYViewController.m
succ :/Users/mortimer/Desktop/working/CAISHEN/CAISHEN/Calculator/CalculatePage/View/KXCalculateTableViewCell.m
succ :/Users/mortimer/Desktop/working/CAISHEN/CAISHEN/Calculator/CalculatePage/View跳格子/跳格子/blockButton.m
succ :/Users/mortimer/Desktop/working/CAISHEN/CAISHEN/Calculator/CalculatePage/View跳格子/跳格子/slidingCell.m
succ :/Users/mortimer/Desktop/working/CAISHEN/CAISHEN/Calculator/CalculatePageTools/Tools/cell/ZTCCCell.m
succ :/Users/mortimer/Desktop/working/CAISHEN/CAISHEN/Calculator/CalculatePageTools/Tools/cell/ZTCCLayout.m
succ :/Users/mortimer/Desktop/working/CAISHEN/CAISHEN/Calculator/CalculatePageTools/Tools/cell/ZTCollectionViewTableCell.m
succ :/Users/mortimer/Desktop/working/CAISHEN/CAISHEN/Calculator/CalculatePageTools/Tools/cell/ZTMainCell.m
succ :/Users/mortimer/Desktop/working/CAISHEN/CAISHEN/Calculator/CalculatePageTools/Tools/cell/ZTMyCustomCollectionView.m
succ :/Users/mortimer/Desktop/working/CAISHEN/CAISHEN/Calculator/CalculatePageTools/Tools/cell/ZTSelectCell.m
succ :/Users/mortimer/Desktop/working/CAISHEN/CAISHEN/Calculator/CalculatePageTools/Tools/cell/ZTSelectItemTableController.m

succ :/Users/mortimer/Desktop/working/CAISHEN/CAISHEN/Calculator/CalculatePageTools/Tools/ZTMainController.m
succ :/Users/mortimer/Desktop/working/CAISHEN/CAISHEN/Calculator/CalculatePageTools/Tools/ZTNaviController.m
succ :/Users/mortimer/Desktop/working/CAISHEN/CAISHEN/Calculator本地图形验证码/NHGraphCoderPro/Classes/NHGraphCoder.m


succ :/Users/mortimer/Desktop/working/CAISHEN/CAISHEN/Calculator本地图形验证码/NHGraphCoderPro/Classes/vendor/JGAFImageCache/JGAFImageCache.m
succ :/Users/mortimer/Desktop/working/CAISHEN/CAISHEN/Card/Controller/KXCreditCardViewController.m

succ :/Users/mortimer/Desktop/working/CAISHEN/CAISHEN/Card/ModelAdvertismentView/AdvertismentView/SmallAdvertisementView.m
succ :/Users/mortimer/Desktop/working/CAISHEN/CAISHEN/Card/ModelAdvertismentView/AdvertismentView/TitleTipCell.m
succ :/Users/mortimer/Desktop/working/CAISHEN/CAISHEN/Card/View/KXCreditCardTableViewCell.m

succ :/Users/mortimer/Desktop/working/CAISHEN/CAISHEN/Column/ModelFMTagsView/FMTagsView/Controller/FMAddTagsController.m
succ :/Users/mortimer/Desktop/working/CAISHEN/CAISHEN/Column/ModelFMTagsView/FMTagsView/Controller/FMHotSearchController.m
succ :/Users/mortimer/Desktop/working/CAISHEN/CAISHEN/Column/ModelFMTagsView/FMTagsView/TagsView/FMTagsView.m
succ :/Users/mortimer/Desktop/working/CAISHEN/CAISHEN/Column/VC/KXCarLoancalViewController.m
succ :/Users/mortimer/Desktop/working/CAISHEN/CAISHEN/Column/VC/KXColumnViewController.m
succ :/Users/mortimer/Desktop/working/CAISHEN/CAISHEN/Column/VC/KXCommonProblemAnswerViewController.m
succ :/Users/mortimer/Desktop/working/CAISHEN/CAISHEN/Column/VC/KXCommonProblemViewController.m
succ :/Users/mortimer/Desktop/working/CAISHEN/CAISHEN/Column/VC/KXFinancialViewController.m
succ :/Users/mortimer/Desktop/working/CAISHEN/CAISHEN/Column/VC/KXLoanRateViewController.m
succ :/Users/mortimer/Desktop/working/CAISHEN/CAISHEN/Column/VC/KXNewColumnViewController.m










succ :/Users/mortimer/Desktop/working/CAISHEN/CAISHEN/Column/View/KXCarLoanPicker.m
succ :/Users/mortimer/Desktop/working/CAISHEN/CAISHEN/Column/View/KXColumnTableViewCell.m
succ :/Users/mortimer/Desktop/working/CAISHEN/CAISHEN/Column/View/KXCommonProblemCollectionViewCell.m
succ :/Users/mortimer/Desktop/working/CAISHEN/CAISHEN/Column/View/KXCommonProblemTableViewCell.m
succ :/Users/mortimer/Desktop/working/CAISHEN/CAISHEN/ColumnComicReader/ComicReader/Class/ComicSearch/ComicSearchViewController.m
succ :/Users/mortimer/Desktop/working/CAISHEN/CAISHEN/ColumnComicReader/ComicReader/Class/ComicStore/BookContentList/ComicBookListCollectionViewCell.m

succ :/Users/mortimer/Desktop/working/CAISHEN/CAISHEN/ColumnComicReader/ComicReader/Class/ComicStore/BookReader/JFComicBookReaderController.m


succ :/Users/mortimer/Desktop/working/CAISHEN/CAISHEN/ColumnComicReader/ComicReader/Class/ComicStore/ElementView/ResizeLabel.m

succ :/Users/mortimer/Desktop/working/CAISHEN/CAISHEN/ColumnComicReader/ComicReader/Class/ComicStore/ShowBook/JFComicBackButton.m
succ :/Users/mortimer/Desktop/working/CAISHEN/CAISHEN/ColumnComicReader/ComicReader/Class/ComicStore/ShowBook/JFComicHeaderReusableView.m
succ :/Users/mortimer/Desktop/working/CAISHEN/CAISHEN/ColumnComicReader/ComicReader/Class/ComicStore/ShowBook/JFComicSectionsListViewController.m
succ :/Users/mortimer/Desktop/working/CAISHEN/CAISHEN/ColumnComicReader/ComicReader/Class/ComicStore/ShowBook/JFComicSelectedReusableView.m
succ :/Users/mortimer/Desktop/working/CAISHEN/CAISHEN/ColumnComicReader/ComicReader/Class/ComicStore/ShowBook/JFComicShowBookLayout.m
succ :/Users/mortimer/Desktop/working/CAISHEN/CAISHEN/ColumnComicReader/ComicReader/Class/ComicStore/ShowBook/JFShowContentCollectionViewCell.m
succ :/Users/mortimer/Desktop/working/CAISHEN/CAISHEN/ColumnComicReader/ComicReader/Class/ComicStore/StoreCell/ContentCell/JFComicBlockingContentCellCollectionViewCell.m
succ :/Users/mortimer/Desktop/working/CAISHEN/CAISHEN/ColumnComicReader/ComicReader/Class/ComicStore/StoreCell/ContentCell/JFComicShowContentContentCell.m
succ :/Users/mortimer/Desktop/working/CAISHEN/CAISHEN/ColumnComicReader/ComicReader/Class/ComicStore/StoreCell/ContentCell/JFComicShowImageContentCell.m



succ :/Users/mortimer/Desktop/working/CAISHEN/CAISHEN/ColumnComicReader/ComicReader/Class/ComicStore/StoreCell/JFComicStoreListBaseCell.m
succ :/Users/mortimer/Desktop/working/CAISHEN/CAISHEN/ColumnComicReader/ComicReader/Class/ComicStore/StoreController/ComicStoreViewController.m
succ :/Users/mortimer/Desktop/working/CAISHEN/CAISHEN/ColumnComicReader/ComicReader/Class/ComicStore/StoreController/JFComicMoreViewController.m





succ :/Users/mortimer/Desktop/working/CAISHEN/CAISHEN/ColumnComicReader/ComicReader/Class/ComicStore/StoreView/ComicStoreContentListCollectionView.m
succ :/Users/mortimer/Desktop/working/CAISHEN/CAISHEN/ColumnComicReader/ComicReader/Class/ComicStore/StoreView/ComicStoreHeaderView.m
succ :/Users/mortimer/Desktop/working/CAISHEN/CAISHEN/ColumnComicReader/ComicReader/Class/ComicStore/StoreView/ContentListView.m
succ :/Users/mortimer/Desktop/working/CAISHEN/CAISHEN/ColumnComicReader/ComicReader/Class/ComicStore/StoreView/JFComicListTitleView.m
succ :/Users/mortimer/Desktop/working/CAISHEN/CAISHEN/ColumnComicReader/ComicReader/Class/ComicStore/StoreView/SShowPageShapeView.m
succ :/Users/mortimer/Desktop/working/CAISHEN/CAISHEN/ColumnComicReader/ComicReader/Class/Common/Base/NavigationStyle.m
succ :/Users/mortimer/Desktop/working/CAISHEN/CAISHEN/ColumnComicReader/ComicReader/Class/Common/Category/NSMutableAttributedString+TitleTreatment.m

succ :/Users/mortimer/Desktop/working/CAISHEN/CAISHEN/ColumnComicReader/ComicReader/Class/Common/Category/UIImage+CutIntoPieces.m
succ :/Users/mortimer/Desktop/working/CAISHEN/CAISHEN/ColumnComicReader/ComicReader/Class/Common/Category/UIView+Genie.m
succ :/Users/mortimer/Desktop/working/CAISHEN/CAISHEN/ColumnComicReader/ComicReader/Class/Common/Layout/TWSpringyFlowLayout.m


succ :/Users/mortimer/Desktop/working/CAISHEN/CAISHEN/ColumnComicReader/ComicReader/Class/Common/Tool/GetRequestUrlTool.m
succ :/Users/mortimer/Desktop/working/CAISHEN/CAISHEN/ColumnComicReader/ComicReader/Class/Common/Tool/JFJumpToControllerManager.m



succ :/Users/mortimer/Desktop/working/CAISHEN/CAISHEN/ColumnComicReader/ComicReader/Class/Common/View/ShowWaitView.m
succ :/Users/mortimer/Desktop/working/CAISHEN/CAISHEN/ColumnComicReader/ComicReader/Class/Lib/JFRefresh/JFRefreshControl.m
succ :/Users/mortimer/Desktop/working/CAISHEN/CAISHEN/ColumnComicReader/ComicReader/Class/Lib/JFRefresh/JFRefreshOpration.m
succ :/Users/mortimer/Desktop/working/CAISHEN/CAISHEN/ColumnComicReader/ComicReader/Class/Lib/JFRefresh/UIScrollView+JFRefresh.m
succ :/Users/mortimer/Desktop/working/CAISHEN/CAISHEN/ColumnComicReader/ComicReader/Class/Lib/JFRefresh/UIView+JFFrame.m
succ :/Users/mortimer/Desktop/working/CAISHEN/CAISHEN/ColumnComicReader/ComicReader/Class/Lib/MONActivityIndicatorView/MONActivityIndicatorView.m



succ :/Users/mortimer/Desktop/working/CAISHEN/CAISHEN/ColumnComicReader/ComicReader/Class/Lib/UzysAnimtedLoad/UIScrollView+UzysAnimatedGifLoadMore.m
succ :/Users/mortimer/Desktop/working/CAISHEN/CAISHEN/ColumnComicReader/ComicReader/Class/Lib/UzysAnimtedLoad/UzysAnimtedGifLoadMoreView.m
succ :/Users/mortimer/Desktop/working/CAISHEN/CAISHEN/ColumnComicReader/ComicReader/Class/MyComicController/ComicCell/MyComicTableViewCell.m
succ :/Users/mortimer/Desktop/working/CAISHEN/CAISHEN/ColumnComicReader/ComicReader/Class/MyComicController/ComicController/MyComicController.m



succ :/Users/mortimer/Desktop/working/CAISHEN/CAISHEN/ColumnComicReader/ComicReader/Class/MyComicController/ComicView/ContentImageView.m


succ :/Users/mortimer/Desktop/working/CAISHEN/CAISHEN/Main/ChildPage/CalculateToolTestCollectionLayout/TestCollectionLayout/XHLTagLabelsLayout.m
succ :/Users/mortimer/Desktop/working/CAISHEN/CAISHEN/Main/ChildPage/CalculateToolTestCollectionLayout/TestCollectionLayout/XHLTagLabelsViewController.m
succ :/Users/mortimer/Desktop/working/CAISHEN/CAISHEN/Main/ChildPage/CalculateToolTestCollectionLayout/TestCollectionLayout/XHLWaterLayout.m
succ :/Users/mortimer/Desktop/working/CAISHEN/CAISHEN/Main/ChildPage/CalculateToolTestCollectionLayout/TestCollectionLayout/XHLWaterViewController.m
succ :/Users/mortimer/Desktop/working/CAISHEN/CAISHEN/Main/ChildPage/Controller/KXEqualMoneyViewController.m
succ :/Users/mortimer/Desktop/working/CAISHEN/CAISHEN/Main/ChildPage/Controller/KXEqualRateToolViewController.m
succ :/Users/mortimer/Desktop/working/CAISHEN/CAISHEN/Main/ChildPage/Controller/KXEqualRateViewController.m
succ :/Users/mortimer/Desktop/working/CAISHEN/CAISHEN/Main/ChildPage/Controller/KXHouseCalculateViewController.m
succ :/Users/mortimer/Desktop/working/CAISHEN/CAISHEN/Main/ChildPage/Controller/KXIndividualIncomeViewController.m
succ :/Users/mortimer/Desktop/working/CAISHEN/CAISHEN/Main/ChildPage/Controller/KXInstallmentViewController.m
succ :/Users/mortimer/Desktop/working/CAISHEN/CAISHEN/Main/ChildPage/ControllerRFCircleCollectionView-master/Class/RFLayout.m
succ :/Users/mortimer/Desktop/working/CAISHEN/CAISHEN/Main/ChildPage/ControllerRFCircleCollectionView-master/RFCircleCollectionView/RFCollectionViewCell.m
succ :/Users/mortimer/Desktop/working/CAISHEN/CAISHEN/Main/ChildPage/ControllerRFCircleCollectionView-master/RFCircleCollectionView/RFViewController.m

succ :/Users/mortimer/Desktop/working/CAISHEN/CAISHEN/Main/ChildPage/ModelNNValidationView/NNValidationView/NNTestViewController.m
succ :/Users/mortimer/Desktop/working/CAISHEN/CAISHEN/Main/ChildPage/ModelNNValidationView/NNValidationView/NNValidationView/NNValidationView.m
succ :/Users/mortimer/Desktop/working/CAISHEN/CAISHEN/Main/ChildPage/Views/KXEachTableViewCell.m
succ :/Users/mortimer/Desktop/working/CAISHEN/CAISHEN/Main/ChildPage/Views/KXEqualMoneyHeader.m
succ :/Users/mortimer/Desktop/working/CAISHEN/CAISHEN/Main/ChildPage/Views/KXHouseCalculTableViewCell.m
succ :/Users/mortimer/Desktop/working/CAISHEN/CAISHEN/Main/ChildPage/Views/KXRateSelectedView.m
succ :/Users/mortimer/Desktop/working/CAISHEN/CAISHEN/Main/ChildPage/ViewsJHShowHistoryView/JHShowHistoryView/JHCell.m
succ :/Users/mortimer/Desktop/working/CAISHEN/CAISHEN/Main/ChildPage/ViewsJHShowHistoryView/JHShowHistoryView/JHCusomHistory.m
succ :/Users/mortimer/Desktop/working/CAISHEN/CAISHEN/Main/ChildPage/ViewsJHShowHistoryView/JHShowHistoryView/JHCustomFlow.m
succ :/Users/mortimer/Desktop/working/CAISHEN/CAISHEN/Main/ChildPage/ViewsJHShowHistoryView/JHShowHistoryView/JHCustomSearchBar.m
succ :/Users/mortimer/Desktop/working/CAISHEN/CAISHEN/Main/ChildPagephotoPlayer/photoPlayer/ZYPhoto.m
succ :/Users/mortimer/Desktop/working/CAISHEN/CAISHEN/Main/ChildPagephotoPlayer/photoPlayer/ZYViewController.m


succ :/Users/mortimer/Desktop/working/CAISHEN/CAISHEN/Main/Detail/Model很好看的瀑布流展示效果图👍/NVBnbCollectionView/NVBnbCollectionView.m
succ :/Users/mortimer/Desktop/working/CAISHEN/CAISHEN/Main/Detail/Model很好看的瀑布流展示效果图👍/NVBnbCollectionView/NVBnbCollectionViewLayout.m
succ :/Users/mortimer/Desktop/working/CAISHEN/CAISHEN/Main/Detail/Model很好看的瀑布流展示效果图👍/NVBnbCollectionView/NVBnbCollectionViewParallaxCell.m
succ :/Users/mortimer/Desktop/working/CAISHEN/CAISHEN/Main/Detail/Model很好看的瀑布流展示效果图👍/NVBnbCollectionViewDemo/GridCell.m

succ :/Users/mortimer/Desktop/working/CAISHEN/CAISHEN/Main/Detail/VC/KXMainDetailViewController.m
succ :/Users/mortimer/Desktop/working/CAISHEN/CAISHEN/Main/Detail/VCHJDataDisplayCenter/HJDataDisplayCenter/MainClasses/HJCollectionViewCell.m
succ :/Users/mortimer/Desktop/working/CAISHEN/CAISHEN/Main/Detail/VCHJDataDisplayCenter/HJDataDisplayCenter/MainClasses/HJCollectionViewLayout.m
succ :/Users/mortimer/Desktop/working/CAISHEN/CAISHEN/Main/Detail/VCHJDataDisplayCenter/HJDataDisplayCenter/MainClasses/HJDataDisplayCeter_VC.m
succ :/Users/mortimer/Desktop/working/CAISHEN/CAISHEN/Main/Detail/View/KXLittleLogginView.m
succ :/Users/mortimer/Desktop/working/CAISHEN/CAISHEN/Main/Detail/View/KXMainDetailTableViewCell.m
succ :/Users/mortimer/Desktop/working/CAISHEN/CAISHEN/Main/Detail/View/KXMainDetailThreeView.m
succ :/Users/mortimer/Desktop/working/CAISHEN/CAISHEN/Main/Detail/View/KXRecommendCollectionViewCell.m
succ :/Users/mortimer/Desktop/working/CAISHEN/CAISHEN/Main/Detail/View/KXRecommendView.m
succ :/Users/mortimer/Desktop/working/CAISHEN/CAISHEN/Main/Detail/View/KXSelectTableViewCell.m
























succ :/Users/mortimer/Desktop/working/CAISHEN/CAISHEN/Main/DetailNNJaneBookView/NNJaneBookView/Common/UIViewExt.m
succ :/Users/mortimer/Desktop/working/CAISHEN/CAISHEN/Main/DetailNNJaneBookView/NNJaneBookView/Found/Controllers/NNFoundController.m
succ :/Users/mortimer/Desktop/working/CAISHEN/CAISHEN/Main/DetailNNJaneBookView/NNJaneBookView/HomePage/Controllers/NNHomePageController.m
succ :/Users/mortimer/Desktop/working/CAISHEN/CAISHEN/Main/DetailNNJaneBookView/NNJaneBookView/Main/NNNavigationController.m
succ :/Users/mortimer/Desktop/working/CAISHEN/CAISHEN/Main/DetailNNJaneBookView/NNJaneBookView/Main/NNTabBarController.m
succ :/Users/mortimer/Desktop/working/CAISHEN/CAISHEN/Main/DetailNNJaneBookView/NNJaneBookView/Message/Controllers/NNMessageController.m
succ :/Users/mortimer/Desktop/working/CAISHEN/CAISHEN/Main/DetailNNJaneBookView/NNJaneBookView/My/Controllers/NNMyController.m
succ :/Users/mortimer/Desktop/working/CAISHEN/CAISHEN/Main/DetailNNJaneBookView/NNJaneBookView/My/Controllers/NNPersonalHomePageController.m
succ :/Users/mortimer/Desktop/working/CAISHEN/CAISHEN/Main/DetailNNJaneBookView/NNJaneBookView/My/Controllers/NNsettingViewController.m
succ :/Users/mortimer/Desktop/working/CAISHEN/CAISHEN/Main/DetailNNJaneBookView/NNJaneBookView/My/Views/NNContentScrollView.m
succ :/Users/mortimer/Desktop/working/CAISHEN/CAISHEN/Main/DetailNNJaneBookView/NNJaneBookView/My/Views/NNContentTableView.m
succ :/Users/mortimer/Desktop/working/CAISHEN/CAISHEN/Main/DetailNNJaneBookView/NNJaneBookView/My/Views/NNPersonalHomePageHeaderImageView.m
succ :/Users/mortimer/Desktop/working/CAISHEN/CAISHEN/Main/DetailNNJaneBookView/NNJaneBookView/My/Views/NNPersonalHomePageHeaderView.m
succ :/Users/mortimer/Desktop/working/CAISHEN/CAISHEN/Main/DetailNNJaneBookView/NNJaneBookView/My/Views/NNPersonalHomePageTitleView.m







succ :/Users/mortimer/Desktop/working/CAISHEN/CAISHEN/Main/Letter/ModelCollectionViewFlowLayoutDemo/CollectionViewFlowLayoutDemo/CommonTool/UIView+Extensions.m
succ :/Users/mortimer/Desktop/working/CAISHEN/CAISHEN/Main/Letter/ModelCollectionViewFlowLayoutDemo/CollectionViewFlowLayoutDemo/YPFCollectionViewCell.m
succ :/Users/mortimer/Desktop/working/CAISHEN/CAISHEN/Main/Letter/ModelCollectionViewFlowLayoutDemo/CollectionViewFlowLayoutDemo/YPFFlowLayout.m
succ :/Users/mortimer/Desktop/working/CAISHEN/CAISHEN/Main/Letter/VC/KXbodyPriceColumnViewController.m
succ :/Users/mortimer/Desktop/working/CAISHEN/CAISHEN/Main/Letter/VC/KXEventViewController.m
succ :/Users/mortimer/Desktop/working/CAISHEN/CAISHEN/Main/Letter/VC/KXLetterViewController.m
succ :/Users/mortimer/Desktop/working/CAISHEN/CAISHEN/Main/Letter/VCMyImageController/MyImageController/ZCAlbumInfoCell.m
succ :/Users/mortimer/Desktop/working/CAISHEN/CAISHEN/Main/Letter/VCMyImageController/MyImageController/ZCAlbumInfoViewController.m

succ :/Users/mortimer/Desktop/working/CAISHEN/CAISHEN/Main/Letter/VCMyImageController/MyImageController/ZCImagePickerController.m
succ :/Users/mortimer/Desktop/working/CAISHEN/CAISHEN/Main/Letter/VCMyImageController/MyImageController/ZCNoAuthorityViewController.m
succ :/Users/mortimer/Desktop/working/CAISHEN/CAISHEN/Main/Letter/VCMyImageController/MyImageController/ZCPhotoItem.m
succ :/Users/mortimer/Desktop/working/CAISHEN/CAISHEN/Main/Letter/VCMyImageController/MyImageController/ZCPhotoManager.m

succ :/Users/mortimer/Desktop/working/CAISHEN/CAISHEN/Main/Letter/VCMyImageController/MyImageController/ZCPhotosViewController.m
succ :/Users/mortimer/Desktop/working/CAISHEN/CAISHEN/Main/Letter/View/KXEventCollectionViewCell.m
succ :/Users/mortimer/Desktop/working/CAISHEN/CAISHEN/Main/Letter/View/KXEventTopView.m
succ :/Users/mortimer/Desktop/working/CAISHEN/CAISHEN/Main/Letter/View/KXLetterTableViewCell.m
succ :/Users/mortimer/Desktop/working/CAISHEN/CAISHEN/Main/Letter/ViewLookPhoto/LookPhoto/BigPhotoView.m
succ :/Users/mortimer/Desktop/working/CAISHEN/CAISHEN/Main/Letter/ViewLookPhoto/LookPhoto/PicCollectionViewCell.m
succ :/Users/mortimer/Desktop/working/CAISHEN/CAISHEN/Main/Letter广告弹出个性视图/WJAdsViewDemo/WJAdsViewDemo/WJAdsView.m

succ :/Users/mortimer/Desktop/working/CAISHEN/CAISHEN/Main/LoanAll/VC/KXLoanAllDetailViewController.m
succ :/Users/mortimer/Desktop/working/CAISHEN/CAISHEN/Main/LoanAll/VC/KXLoanAllViewController.m
succ :/Users/mortimer/Desktop/working/CAISHEN/CAISHEN/Main/LoanAll/VCPhotoGalleryDemo/PhotoGalleryDemo/MRCircleLayout.m
succ :/Users/mortimer/Desktop/working/CAISHEN/CAISHEN/Main/LoanAll/VCPhotoGalleryDemo/PhotoGalleryDemo/MRLineLayout.m
succ :/Users/mortimer/Desktop/working/CAISHEN/CAISHEN/Main/LoanAll/VCPhotoGalleryDemo/PhotoGalleryDemo/MRPhotoViewCell.m
succ :/Users/mortimer/Desktop/working/CAISHEN/CAISHEN/Main/LoanAll/View/KXLoanAllTableViewCell.m


succ :/Users/mortimer/Desktop/working/CAISHEN/CAISHEN/Main/MainPage/VC/KXBaseLinkViewController.m
succ :/Users/mortimer/Desktop/working/CAISHEN/CAISHEN/Main/MainPage/VC/KXMainNewWebViewController.m
succ :/Users/mortimer/Desktop/working/CAISHEN/CAISHEN/Main/MainPage/VC/KXMainPageViewController.m
succ :/Users/mortimer/Desktop/working/CAISHEN/CAISHEN/Main/MainPage/VC/KXMainWebView2ViewController.m
succ :/Users/mortimer/Desktop/working/CAISHEN/CAISHEN/Main/MainPage/VC/KXMainWebViewController.m
succ :/Users/mortimer/Desktop/working/CAISHEN/CAISHEN/Main/MainPage/VC/KXNewTeachViewController.m
succ :/Users/mortimer/Desktop/working/CAISHEN/CAISHEN/Main/MainPage/VC/KXNewTeachViewController2.m
succ :/Users/mortimer/Desktop/working/CAISHEN/CAISHEN/Main/MainPage/VC/KXNextStepViewController.m
succ :/Users/mortimer/Desktop/working/CAISHEN/CAISHEN/Main/MainPage/VC/KXQuesViewController.m
succ :/Users/mortimer/Desktop/working/CAISHEN/CAISHEN/Main/MainPage/VC/KXTeachViewController.m
succ :/Users/mortimer/Desktop/working/CAISHEN/CAISHEN/Main/MainPage/VC/KXWebDetailViewController.m
succ :/Users/mortimer/Desktop/working/CAISHEN/CAISHEN/Main/MainPage/VCTMQRCode/TMQRCode/CFQRCodeManager/TMQRcodeView.m
succ :/Users/mortimer/Desktop/working/CAISHEN/CAISHEN/Main/MainPage/VCTMQRCode/TMQRCode/CFQRCodeManager/UIImage+CFQRcode.m
succ :/Users/mortimer/Desktop/working/CAISHEN/CAISHEN/Main/MainPage/View/KXLoanButton.m
succ :/Users/mortimer/Desktop/working/CAISHEN/CAISHEN/Main/MainPage/View/KXMainHorizontalCycleView.m
succ :/Users/mortimer/Desktop/working/CAISHEN/CAISHEN/Main/MainPage/View/KXMainListTableViewCell.m
succ :/Users/mortimer/Desktop/working/CAISHEN/CAISHEN/Main/MainPage/View/KXMainVerticleCycleView.m
succ :/Users/mortimer/Desktop/working/CAISHEN/CAISHEN/Main/MainPage/View/KXMarkView.m
succ :/Users/mortimer/Desktop/working/CAISHEN/CAISHEN/Main/MainPage/View/KXNewTeachCollectionViewCell.m
succ :/Users/mortimer/Desktop/working/CAISHEN/CAISHEN/Main/MainPage/View/KXQuestionButton.m
succ :/Users/mortimer/Desktop/working/CAISHEN/CAISHEN/Main/MainPage/View/KXTeachCollectionViewCell.m
succ :/Users/mortimer/Desktop/working/CAISHEN/CAISHEN/Main/MainPage/View/KXTeachCycleView.m
succ :/Users/mortimer/Desktop/working/CAISHEN/CAISHEN/Main/MainPage/View/KXUpDownButton.m
succ :/Users/mortimer/Desktop/working/CAISHEN/CAISHEN/Main/MainPage/View09瀑布流-代码抽取优化/瀑布流/FooterView.m
succ :/Users/mortimer/Desktop/working/CAISHEN/CAISHEN/Main/MainPage/View09瀑布流-代码抽取优化/瀑布流/Goods.m
succ :/Users/mortimer/Desktop/working/CAISHEN/CAISHEN/Main/MainPage/View09瀑布流-代码抽取优化/瀑布流/GoodsCell.m
succ :/Users/mortimer/Desktop/working/CAISHEN/CAISHEN/Main/MainPage/View09瀑布流-代码抽取优化/瀑布流/WaterFlowLayout.m


succ :/Users/mortimer/Desktop/working/CAISHEN/CAISHEN/Main/MainPage带动画搜索输入框👍/带动画搜索输入框👍/XMNTextFieldExample/XMNTextField/XMNAnimTextFiled.m
succ :/Users/mortimer/Desktop/working/CAISHEN/CAISHEN/Main/NewLoan/VC/KXLoanNewViewController.m
succ :/Users/mortimer/Desktop/working/CAISHEN/CAISHEN/Main/NewLoan/VC自定义布局/自定义布局/CustomLayout.m
succ :/Users/mortimer/Desktop/working/CAISHEN/CAISHEN/Main/NewLoan/VC自定义布局/自定义布局/TableViewController.m
succ :/Users/mortimer/Desktop/working/CAISHEN/CAISHEN/Main/NewLoan/VC自定义布局/自定义布局/WMCustomViewController.m
succ :/Users/mortimer/Desktop/working/CAISHEN/CAISHEN/Main/NewLoan/VC自定义布局/自定义布局/WMFlowLayout.m
succ :/Users/mortimer/Desktop/working/CAISHEN/CAISHEN/Main/NewMainPage/Controller/KXCustomServiceViewController.m
succ :/Users/mortimer/Desktop/working/CAISHEN/CAISHEN/Main/NewMainPage/Controller/KXNewKeySearchViewController.m
succ :/Users/mortimer/Desktop/working/CAISHEN/CAISHEN/Main/NewMainPage/Controller/KXNewMainPageViewController.m
succ :/Users/mortimer/Desktop/working/CAISHEN/CAISHEN/Main/NewMainPage/ControllerCCPageControl/CCPageControl/PageControlCollectionViewCell.m
succ :/Users/mortimer/Desktop/working/CAISHEN/CAISHEN/Main/NewMainPage/ControllerCCPageControl/CCPageControl/PageControlView.m


succ :/Users/mortimer/Desktop/working/CAISHEN/CAISHEN/Main/NewMainPage/ModelcollectionVIewRadio/collectionVIewRadio/RadioCollectionViewCell.m

succ :/Users/mortimer/Desktop/working/CAISHEN/CAISHEN/Main/NewMainPage/View/KXBannerCollectionViewCell.m
succ :/Users/mortimer/Desktop/working/CAISHEN/CAISHEN/Main/NewMainPage/View/KXCustomServiceTableViewCell.m
succ :/Users/mortimer/Desktop/working/CAISHEN/CAISHEN/Main/NewMainPage/View/KXKeyWordView.m
succ :/Users/mortimer/Desktop/working/CAISHEN/CAISHEN/Main/NewMainPage/View自定义流水布局/自定义流水布局/CZCell.m
succ :/Users/mortimer/Desktop/working/CAISHEN/CAISHEN/Main/NewMainPage/View自定义流水布局/自定义流水布局/CZFlowLayout.m
succ :/Users/mortimer/Desktop/working/CAISHEN/CAISHEN/Main/NewMainPage12-百思不得姐-推荐关注/01-百思不得姐/Classes/Essence-精华/Controller/XMGEssenceViewController.m
succ :/Users/mortimer/Desktop/working/CAISHEN/CAISHEN/Main/NewMainPage12-百思不得姐-推荐关注/01-百思不得姐/Classes/FriendTrends-关注/Controller/XMGFriendTrendsViewController.m
succ :/Users/mortimer/Desktop/working/CAISHEN/CAISHEN/Main/NewMainPage12-百思不得姐-推荐关注/01-百思不得姐/Classes/FriendTrends-关注/Controller/XMGRecommendViewController.m
succ :/Users/mortimer/Desktop/working/CAISHEN/CAISHEN/Main/NewMainPage12-百思不得姐-推荐关注/01-百思不得姐/Classes/Me-我/Controller/XMGMeViewController.m
succ :/Users/mortimer/Desktop/working/CAISHEN/CAISHEN/Main/NewMainPage12-百思不得姐-推荐关注/01-百思不得姐/Classes/New-新帖/Controller/XMGNewViewController.m
succ :/Users/mortimer/Desktop/working/CAISHEN/CAISHEN/Main/NewMainPage12-百思不得姐-推荐关注/01-百思不得姐/Classes/Other-其他/Category/UIBarButtonItem+XMGExtension.m
succ :/Users/mortimer/Desktop/working/CAISHEN/CAISHEN/Main/NewMainPage12-百思不得姐-推荐关注/01-百思不得姐/Classes/Other-其他/Category/UIView+XMGExtension.m
succ :/Users/mortimer/Desktop/working/CAISHEN/CAISHEN/Main/NewMainPage12-百思不得姐-推荐关注/01-百思不得姐/Classes/Other-其他/Controller/XMGNavigationController.m
succ :/Users/mortimer/Desktop/working/CAISHEN/CAISHEN/Main/NewMainPage12-百思不得姐-推荐关注/01-百思不得姐/Classes/Other-其他/Controller/XMGTabBarController.m

succ :/Users/mortimer/Desktop/working/CAISHEN/CAISHEN/Main/NewMainPage12-百思不得姐-推荐关注/01-百思不得姐/Classes/Other-其他/View/XMGTabBar.m
succ :/Users/mortimer/Desktop/working/CAISHEN/CAISHEN/MainNS_Timer/timer/CDPKZuixinCell.m
succ :/Users/mortimer/Desktop/working/CAISHEN/CAISHEN/MainNS_Timer/timer/Timer_BeginWatch.m





succ :/Users/mortimer/Desktop/working/CAISHEN/CAISHEN/Mine/MinePage/ModelMoveButton-master/MoveButton/MoreViewController.m
succ :/Users/mortimer/Desktop/working/CAISHEN/CAISHEN/Mine/MinePage/ModelMoveButton-master/MoveButton/MoveButton/CustomGrid.m

succ :/Users/mortimer/Desktop/working/CAISHEN/CAISHEN/Mine/MinePage/VC/KXAboutUsViewController.m
succ :/Users/mortimer/Desktop/working/CAISHEN/CAISHEN/Mine/MinePage/VC/KXAdviceBackViewController.m
succ :/Users/mortimer/Desktop/working/CAISHEN/CAISHEN/Mine/MinePage/VC/KXChangePasswordViewController.m
succ :/Users/mortimer/Desktop/working/CAISHEN/CAISHEN/Mine/MinePage/VC/KXForgetViewController.m
succ :/Users/mortimer/Desktop/working/CAISHEN/CAISHEN/Mine/MinePage/VC/KXLogginViewController.m
succ :/Users/mortimer/Desktop/working/CAISHEN/CAISHEN/Mine/MinePage/VC/KXMinePageViewController.m
succ :/Users/mortimer/Desktop/working/CAISHEN/CAISHEN/Mine/MinePage/VC/KXMyApplyViewController.m
succ :/Users/mortimer/Desktop/working/CAISHEN/CAISHEN/Mine/MinePage/VC/KXMyCollectViewController.m
succ :/Users/mortimer/Desktop/working/CAISHEN/CAISHEN/Mine/MinePage/VC/KXRegisterViewController.m
succ :/Users/mortimer/Desktop/working/CAISHEN/CAISHEN/Mine/MinePage/VC/KXSearchHeaderDownView.m
succ :/Users/mortimer/Desktop/working/CAISHEN/CAISHEN/Mine/MinePage/VC/KXSecondApplyViewController.m
succ :/Users/mortimer/Desktop/working/CAISHEN/CAISHEN/Mine/MinePage/VC/KXSettingViewController.m
succ :/Users/mortimer/Desktop/working/CAISHEN/CAISHEN/Mine/MinePage/VC按钮动画/JSDownloadView/JSAnimationService.m
succ :/Users/mortimer/Desktop/working/CAISHEN/CAISHEN/Mine/MinePage/VC按钮动画/JSDownloadView/JSDownloadView.m
succ :/Users/mortimer/Desktop/working/CAISHEN/CAISHEN/Mine/MinePage/View/KXMyApplyTableViewCell.m
succ :/Users/mortimer/Desktop/working/CAISHEN/CAISHEN/Mine/MinePage/View标签栏/标签栏/ChannelView.m


succ :/Users/mortimer/Desktop/working/CAISHEN/CAISHEN/News/NewsPage/ModelLDImagePicker/ImageClipTool/LDActionSheet/LDActionSheet.m
succ :/Users/mortimer/Desktop/working/CAISHEN/CAISHEN/News/NewsPage/ModelLDImagePicker/LDImagePicker/LDImagePicker.m
succ :/Users/mortimer/Desktop/working/CAISHEN/CAISHEN/News/NewsPage/ModelLDImagePicker/LDImagePicker/VPImageCropperViewController.m
succ :/Users/mortimer/Desktop/working/CAISHEN/CAISHEN/News/NewsPage/VC/KXCommentViewController.m
succ :/Users/mortimer/Desktop/working/CAISHEN/CAISHEN/News/NewsPage/VC/KXNewsPageViewController.m
succ :/Users/mortimer/Desktop/working/CAISHEN/CAISHEN/News/NewsPage/VC/KXNewsWebViewController.m
succ :/Users/mortimer/Desktop/working/CAISHEN/CAISHEN/News/NewsPage/View/KXCommentBottomBar.m
succ :/Users/mortimer/Desktop/working/CAISHEN/CAISHEN/News/NewsPage/View/KXCommentPutBar.m
succ :/Users/mortimer/Desktop/working/CAISHEN/CAISHEN/News/NewsPage/View/KXCommentTableViewCell.m
succ :/Users/mortimer/Desktop/working/CAISHEN/CAISHEN/News/NewsPage/View/KXNewsCycleView.m
succ :/Users/mortimer/Desktop/working/CAISHEN/CAISHEN/News/NewsPage/View/KXNewsTableViewCell.m
succ :/Users/mortimer/Desktop/working/CAISHEN/CAISHEN/News/NewsPage/View/KXOptionButtonView.m
succ :/Users/mortimer/Desktop/working/CAISHEN/CAISHEN/News/NewsPage/View/KXOptionCollectionViewCell.m
succ :/Users/mortimer/Desktop/working/CAISHEN/CAISHEN/News/NewsPageJKRComplexFallsDemo/JKRFallsDemo/JKRFallsLayout.m
succ :/Users/mortimer/Desktop/working/CAISHEN/CAISHEN/News/NewsPageJKRComplexFallsDemo/JKRFallsDemo/JKRShop.m
succ :/Users/mortimer/Desktop/working/CAISHEN/CAISHEN/News/NewsPageJKRComplexFallsDemo/JKRFallsDemo/JKRShopCell.m
succ :/Users/mortimer/Desktop/working/CAISHEN/CAISHEN/Search/SearchPage/VC/KXSearchPageViewController.m
succ :/Users/mortimer/Desktop/working/CAISHEN/CAISHEN/Search/SearchPageHCollectionViewDemo/HCollectionViewDemo/layout/FMHotBrandLayout.m
succ :/Users/mortimer/Desktop/working/CAISHEN/CAISHEN/Search/SearchPageHCollectionViewDemo/HCollectionViewDemo/View/FMHotBrandCeollctionSectionHeadView.m
succ :/Users/mortimer/Desktop/working/CAISHEN/CAISHEN/Search/SearchPageHCollectionViewDemo/HCollectionViewDemo/View/FMHotBrandCollectionCell.m

succ :/Users/mortimer/Desktop/working/CAISHEN/CAISHEN/Tools/Advertisement/KXLaunchAdImageView.m
succ :/Users/mortimer/Desktop/working/CAISHEN/CAISHEN/Tools/Advertisement/KXLaunchAdSkipButton.m

succ :/Users/mortimer/Desktop/working/CAISHEN/CAISHEN/Tools/Advertisement/KXLaunchImageView.m

succ :/Users/mortimer/Desktop/working/CAISHEN/CAISHEN/Tools/Advertisement键盘弹出输入控件/键盘弹出输入控件/CGQInputTextView.m




succ :/Users/mortimer/Desktop/working/CAISHEN/CAISHEN/Tools/ManagerHSYCustomHorizontalCollectioinView/HSYCustomHorizontalCollectioinView/HSYCustomDirectionHorizontalFlowLayout.m
succ :/Users/mortimer/Desktop/working/CAISHEN/CAISHEN/Tools/ManagerHSYCustomHorizontalCollectioinView/HSYCustomHorizontalCollectioinView/HSYCustomEmojiCell.m
succ :/Users/mortimer/Desktop/working/CAISHEN/CAISHEN/Tools/ManagerHSYCustomHorizontalCollectioinView/HSYCustomHorizontalCollectioinView/HSYCustomEmojiCollectionView.m
succ :/Users/mortimer/Desktop/working/CAISHEN/CAISHEN/Tools/ManagerHSYCustomHorizontalCollectioinView/HSYCustomHorizontalCollectioinView/NSObject+UIKit.m
succ :/Users/mortimer/Desktop/working/CAISHEN/CAISHEN/Tools/ManagerHSYCustomHorizontalCollectioinView/HSYCustomHorizontalCollectioinView/UIView+Frame.m



succ :/Users/mortimer/Desktop/working/CAISHEN/CAISHEN/Tools/UIColor+KXHex.m
succ :/Users/mortimer/Desktop/working/CAISHEN/CAISHEN/Tools/UIDevice+YLDevice.m
succ :/Users/mortimer/Desktop/working/CAISHEN/CAISHEN/Tools自定义Layout标签/自定义Layout标签/MYCollectionViewCell.m
succ :/Users/mortimer/Desktop/working/CAISHEN/CAISHEN/Tools自定义Layout标签/自定义Layout标签/OneViewController.m
succ :/Users/mortimer/Desktop/working/CAISHEN/CAISHEN/Tools自定义Layout标签/自定义Layout标签/TwoViewController.m
succ :/Users/mortimer/Desktop/working/CAISHEN/CAISHEN/Tools自定义Layout标签/自定义Layout标签/WGCollectionViewLayout.m
