
succ:/Users/mortimer/Desktop/working/CAISHEN/CAISHEN/AppDelegate/KXAppDelegate.h
succ:/Users/mortimer/Desktop/working/CAISHEN/CAISHEN/AppDelegate/KXBaseViewController.h

succ:/Users/mortimer/Desktop/working/CAISHEN/CAISHEN/AppDelegate/KXHomeNavgationController.h
succ:/Users/mortimer/Desktop/working/CAISHEN/CAISHEN/AppDelegate/KXHomeViewController.h
succ:/Users/mortimer/Desktop/working/CAISHEN/CAISHEN/AppDelegateTTWaterFlow/testWaterFlow/TTLayout.h
succ:/Users/mortimer/Desktop/working/CAISHEN/CAISHEN/Calculator/CalculatePage/VC/KXCalculatePageViewController.h
succ:/Users/mortimer/Desktop/working/CAISHEN/CAISHEN/Calculator/CalculatePage/VC自定义collectionView/YYCollectionViewCell.h
succ:/Users/mortimer/Desktop/working/CAISHEN/CAISHEN/Calculator/CalculatePage/VC自定义collectionView/YYCollectionViewLayout.h
succ:/Users/mortimer/Desktop/working/CAISHEN/CAISHEN/Calculator/CalculatePage/VC自定义collectionView/YYViewController.h
succ:/Users/mortimer/Desktop/working/CAISHEN/CAISHEN/Calculator/CalculatePage/View/KXCalculateTableViewCell.h
succ:/Users/mortimer/Desktop/working/CAISHEN/CAISHEN/Calculator/CalculatePage/View跳格子/跳格子/blockButton.h
succ:/Users/mortimer/Desktop/working/CAISHEN/CAISHEN/Calculator/CalculatePage/View跳格子/跳格子/slidingCell.h
succ:/Users/mortimer/Desktop/working/CAISHEN/CAISHEN/Calculator/CalculatePageTools/Tools/cell/ZTCCCell.h
succ:/Users/mortimer/Desktop/working/CAISHEN/CAISHEN/Calculator/CalculatePageTools/Tools/cell/ZTCCLayout.h
succ:/Users/mortimer/Desktop/working/CAISHEN/CAISHEN/Calculator/CalculatePageTools/Tools/cell/ZTCollectionViewTableCell.h
succ:/Users/mortimer/Desktop/working/CAISHEN/CAISHEN/Calculator/CalculatePageTools/Tools/cell/ZTMainCell.h
succ:/Users/mortimer/Desktop/working/CAISHEN/CAISHEN/Calculator/CalculatePageTools/Tools/cell/ZTMyCustomCollectionView.h
succ:/Users/mortimer/Desktop/working/CAISHEN/CAISHEN/Calculator/CalculatePageTools/Tools/cell/ZTSelectCell.h
succ:/Users/mortimer/Desktop/working/CAISHEN/CAISHEN/Calculator/CalculatePageTools/Tools/cell/ZTSelectItemTableController.h

succ:/Users/mortimer/Desktop/working/CAISHEN/CAISHEN/Calculator/CalculatePageTools/Tools/ZTMainController.h
succ:/Users/mortimer/Desktop/working/CAISHEN/CAISHEN/Calculator/CalculatePageTools/Tools/ZTNaviController.h
succ:/Users/mortimer/Desktop/working/CAISHEN/CAISHEN/Calculator本地图形验证码/NHGraphCoderPro/Classes/NHGraphCoder.h



succ:/Users/mortimer/Desktop/working/CAISHEN/CAISHEN/Calculator本地图形验证码/NHGraphCoderPro/Classes/vendor/JGAFImageCache/JGAFImageCache.h
succ:/Users/mortimer/Desktop/working/CAISHEN/CAISHEN/Card/Controller/KXCreditCardViewController.h

succ:/Users/mortimer/Desktop/working/CAISHEN/CAISHEN/Card/ModelAdvertismentView/AdvertismentView/SmallAdvertisementView.h
succ:/Users/mortimer/Desktop/working/CAISHEN/CAISHEN/Card/ModelAdvertismentView/AdvertismentView/TitleTipCell.h
succ:/Users/mortimer/Desktop/working/CAISHEN/CAISHEN/Card/View/KXCreditCardTableViewCell.h

succ:/Users/mortimer/Desktop/working/CAISHEN/CAISHEN/Column/ModelFMTagsView/FMTagsView/Controller/FMAddTagsController.h
succ:/Users/mortimer/Desktop/working/CAISHEN/CAISHEN/Column/ModelFMTagsView/FMTagsView/Controller/FMHotSearchController.h
succ:/Users/mortimer/Desktop/working/CAISHEN/CAISHEN/Column/ModelFMTagsView/FMTagsView/TagsView/FMTagsView.h
succ:/Users/mortimer/Desktop/working/CAISHEN/CAISHEN/Column/VC/KXCarLoancalViewController.h
succ:/Users/mortimer/Desktop/working/CAISHEN/CAISHEN/Column/VC/KXColumnViewController.h
succ:/Users/mortimer/Desktop/working/CAISHEN/CAISHEN/Column/VC/KXCommonProblemAnswerViewController.h
succ:/Users/mortimer/Desktop/working/CAISHEN/CAISHEN/Column/VC/KXCommonProblemViewController.h
succ:/Users/mortimer/Desktop/working/CAISHEN/CAISHEN/Column/VC/KXFinancialViewController.h
succ:/Users/mortimer/Desktop/working/CAISHEN/CAISHEN/Column/VC/KXLoanRateViewController.h
succ:/Users/mortimer/Desktop/working/CAISHEN/CAISHEN/Column/VC/KXNewColumnViewController.h










succ:/Users/mortimer/Desktop/working/CAISHEN/CAISHEN/Column/View/KXCarLoanPicker.h
succ:/Users/mortimer/Desktop/working/CAISHEN/CAISHEN/Column/View/KXColumnTableViewCell.h
succ:/Users/mortimer/Desktop/working/CAISHEN/CAISHEN/Column/View/KXCommonProblemCollectionViewCell.h
succ:/Users/mortimer/Desktop/working/CAISHEN/CAISHEN/Column/View/KXCommonProblemTableViewCell.h
succ:/Users/mortimer/Desktop/working/CAISHEN/CAISHEN/ColumnComicReader/ComicReader/Class/ComicSearch/ComicSearchViewController.h
succ:/Users/mortimer/Desktop/working/CAISHEN/CAISHEN/ColumnComicReader/ComicReader/Class/ComicStore/BookContentList/ComicBookListCollectionViewCell.h

succ:/Users/mortimer/Desktop/working/CAISHEN/CAISHEN/ColumnComicReader/ComicReader/Class/ComicStore/BookReader/JFComicBookReaderController.h


succ:/Users/mortimer/Desktop/working/CAISHEN/CAISHEN/ColumnComicReader/ComicReader/Class/ComicStore/ElementView/ResizeLabel.h

succ:/Users/mortimer/Desktop/working/CAISHEN/CAISHEN/ColumnComicReader/ComicReader/Class/ComicStore/ShowBook/JFComicBackButton.h
succ:/Users/mortimer/Desktop/working/CAISHEN/CAISHEN/ColumnComicReader/ComicReader/Class/ComicStore/ShowBook/JFComicHeaderReusableView.h
succ:/Users/mortimer/Desktop/working/CAISHEN/CAISHEN/ColumnComicReader/ComicReader/Class/ComicStore/ShowBook/JFComicSectionsListViewController.h
succ:/Users/mortimer/Desktop/working/CAISHEN/CAISHEN/ColumnComicReader/ComicReader/Class/ComicStore/ShowBook/JFComicSelectedReusableView.h
succ:/Users/mortimer/Desktop/working/CAISHEN/CAISHEN/ColumnComicReader/ComicReader/Class/ComicStore/ShowBook/JFComicShowBookLayout.h
succ:/Users/mortimer/Desktop/working/CAISHEN/CAISHEN/ColumnComicReader/ComicReader/Class/ComicStore/ShowBook/JFShowContentCollectionViewCell.h
succ:/Users/mortimer/Desktop/working/CAISHEN/CAISHEN/ColumnComicReader/ComicReader/Class/ComicStore/StoreCell/ContentCell/JFComicBlockingContentCellCollectionViewCell.h
succ:/Users/mortimer/Desktop/working/CAISHEN/CAISHEN/ColumnComicReader/ComicReader/Class/ComicStore/StoreCell/ContentCell/JFComicShowContentContentCell.h
succ:/Users/mortimer/Desktop/working/CAISHEN/CAISHEN/ColumnComicReader/ComicReader/Class/ComicStore/StoreCell/ContentCell/JFComicShowImageContentCell.h



succ:/Users/mortimer/Desktop/working/CAISHEN/CAISHEN/ColumnComicReader/ComicReader/Class/ComicStore/StoreCell/JFComicStoreListBaseCell.h
succ:/Users/mortimer/Desktop/working/CAISHEN/CAISHEN/ColumnComicReader/ComicReader/Class/ComicStore/StoreController/ComicStoreViewController.h
succ:/Users/mortimer/Desktop/working/CAISHEN/CAISHEN/ColumnComicReader/ComicReader/Class/ComicStore/StoreController/JFComicMoreViewController.h





succ:/Users/mortimer/Desktop/working/CAISHEN/CAISHEN/ColumnComicReader/ComicReader/Class/ComicStore/StoreView/ComicStoreContentListCollectionView.h
succ:/Users/mortimer/Desktop/working/CAISHEN/CAISHEN/ColumnComicReader/ComicReader/Class/ComicStore/StoreView/ComicStoreHeaderView.h
succ:/Users/mortimer/Desktop/working/CAISHEN/CAISHEN/ColumnComicReader/ComicReader/Class/ComicStore/StoreView/ContentListView.h
succ:/Users/mortimer/Desktop/working/CAISHEN/CAISHEN/ColumnComicReader/ComicReader/Class/ComicStore/StoreView/JFComicListTitleView.h
succ:/Users/mortimer/Desktop/working/CAISHEN/CAISHEN/ColumnComicReader/ComicReader/Class/ComicStore/StoreView/SShowPageShapeView.h
succ:/Users/mortimer/Desktop/working/CAISHEN/CAISHEN/ColumnComicReader/ComicReader/Class/Common/Base/NavigationStyle.h
succ:/Users/mortimer/Desktop/working/CAISHEN/CAISHEN/ColumnComicReader/ComicReader/Class/Common/Category/NSMutableAttributedString+TitleTreatment.h

succ:/Users/mortimer/Desktop/working/CAISHEN/CAISHEN/ColumnComicReader/ComicReader/Class/Common/Category/UIImage+CutIntoPieces.h
succ:/Users/mortimer/Desktop/working/CAISHEN/CAISHEN/ColumnComicReader/ComicReader/Class/Common/Category/UIView+Genie.h
succ:/Users/mortimer/Desktop/working/CAISHEN/CAISHEN/ColumnComicReader/ComicReader/Class/Common/Layout/TWSpringyFlowLayout.h


succ:/Users/mortimer/Desktop/working/CAISHEN/CAISHEN/ColumnComicReader/ComicReader/Class/Common/Tool/GetRequestUrlTool.h
succ:/Users/mortimer/Desktop/working/CAISHEN/CAISHEN/ColumnComicReader/ComicReader/Class/Common/Tool/JFJumpToControllerManager.h



succ:/Users/mortimer/Desktop/working/CAISHEN/CAISHEN/ColumnComicReader/ComicReader/Class/Common/View/ShowWaitView.h
succ:/Users/mortimer/Desktop/working/CAISHEN/CAISHEN/ColumnComicReader/ComicReader/Class/Lib/JFRefresh/JFRefreshControl.h
succ:/Users/mortimer/Desktop/working/CAISHEN/CAISHEN/ColumnComicReader/ComicReader/Class/Lib/JFRefresh/JFRefreshOpration.h
succ:/Users/mortimer/Desktop/working/CAISHEN/CAISHEN/ColumnComicReader/ComicReader/Class/Lib/JFRefresh/UIScrollView+JFRefresh.h
succ:/Users/mortimer/Desktop/working/CAISHEN/CAISHEN/ColumnComicReader/ComicReader/Class/Lib/JFRefresh/UIView+JFFrame.h
succ:/Users/mortimer/Desktop/working/CAISHEN/CAISHEN/ColumnComicReader/ComicReader/Class/Lib/MONActivityIndicatorView/MONActivityIndicatorView.h



succ:/Users/mortimer/Desktop/working/CAISHEN/CAISHEN/ColumnComicReader/ComicReader/Class/Lib/UzysAnimtedLoad/UIScrollView+UzysAnimatedGifLoadMore.h

succ:/Users/mortimer/Desktop/working/CAISHEN/CAISHEN/ColumnComicReader/ComicReader/Class/Lib/UzysAnimtedLoad/UzysAnimtedGifLoadMoreView.h
succ:/Users/mortimer/Desktop/working/CAISHEN/CAISHEN/ColumnComicReader/ComicReader/Class/MyComicController/ComicCell/MyComicTableViewCell.h
succ:/Users/mortimer/Desktop/working/CAISHEN/CAISHEN/ColumnComicReader/ComicReader/Class/MyComicController/ComicController/MyComicController.h



succ:/Users/mortimer/Desktop/working/CAISHEN/CAISHEN/ColumnComicReader/ComicReader/Class/MyComicController/ComicView/ContentImageView.h





succ:/Users/mortimer/Desktop/working/CAISHEN/CAISHEN/Main/ChildPage/CalculateToolTestCollectionLayout/TestCollectionLayout/XHLTagLabelsLayout.h
succ:/Users/mortimer/Desktop/working/CAISHEN/CAISHEN/Main/ChildPage/CalculateToolTestCollectionLayout/TestCollectionLayout/XHLTagLabelsViewController.h
succ:/Users/mortimer/Desktop/working/CAISHEN/CAISHEN/Main/ChildPage/CalculateToolTestCollectionLayout/TestCollectionLayout/XHLWaterLayout.h
succ:/Users/mortimer/Desktop/working/CAISHEN/CAISHEN/Main/ChildPage/CalculateToolTestCollectionLayout/TestCollectionLayout/XHLWaterViewController.h
succ:/Users/mortimer/Desktop/working/CAISHEN/CAISHEN/Main/ChildPage/Controller/KXEqualMoneyViewController.h
succ:/Users/mortimer/Desktop/working/CAISHEN/CAISHEN/Main/ChildPage/Controller/KXEqualRateToolViewController.h
succ:/Users/mortimer/Desktop/working/CAISHEN/CAISHEN/Main/ChildPage/Controller/KXEqualRateViewController.h
succ:/Users/mortimer/Desktop/working/CAISHEN/CAISHEN/Main/ChildPage/Controller/KXHouseCalculateViewController.h
succ:/Users/mortimer/Desktop/working/CAISHEN/CAISHEN/Main/ChildPage/Controller/KXIndividualIncomeViewController.h
succ:/Users/mortimer/Desktop/working/CAISHEN/CAISHEN/Main/ChildPage/Controller/KXInstallmentViewController.h
succ:/Users/mortimer/Desktop/working/CAISHEN/CAISHEN/Main/ChildPage/ControllerRFCircleCollectionView-master/Class/RFLayout.h
succ:/Users/mortimer/Desktop/working/CAISHEN/CAISHEN/Main/ChildPage/ControllerRFCircleCollectionView-master/RFCircleCollectionView/RFCollectionViewCell.h
succ:/Users/mortimer/Desktop/working/CAISHEN/CAISHEN/Main/ChildPage/ControllerRFCircleCollectionView-master/RFCircleCollectionView/RFViewController.h

succ:/Users/mortimer/Desktop/working/CAISHEN/CAISHEN/Main/ChildPage/ModelNNValidationView/NNValidationView/NNTestViewController.h
succ:/Users/mortimer/Desktop/working/CAISHEN/CAISHEN/Main/ChildPage/ModelNNValidationView/NNValidationView/NNValidationView/NNValidationView.h
succ:/Users/mortimer/Desktop/working/CAISHEN/CAISHEN/Main/ChildPage/Views/KXEachTableViewCell.h
succ:/Users/mortimer/Desktop/working/CAISHEN/CAISHEN/Main/ChildPage/Views/KXEqualMoneyHeader.h
succ:/Users/mortimer/Desktop/working/CAISHEN/CAISHEN/Main/ChildPage/Views/KXHouseCalculTableViewCell.h
succ:/Users/mortimer/Desktop/working/CAISHEN/CAISHEN/Main/ChildPage/Views/KXRateSelectedView.h
succ:/Users/mortimer/Desktop/working/CAISHEN/CAISHEN/Main/ChildPage/ViewsJHShowHistoryView/JHShowHistoryView/JHCell.h
succ:/Users/mortimer/Desktop/working/CAISHEN/CAISHEN/Main/ChildPage/ViewsJHShowHistoryView/JHShowHistoryView/JHCusomHistory.h
succ:/Users/mortimer/Desktop/working/CAISHEN/CAISHEN/Main/ChildPage/ViewsJHShowHistoryView/JHShowHistoryView/JHCustomFlow.h
succ:/Users/mortimer/Desktop/working/CAISHEN/CAISHEN/Main/ChildPage/ViewsJHShowHistoryView/JHShowHistoryView/JHCustomSearchBar.h
succ:/Users/mortimer/Desktop/working/CAISHEN/CAISHEN/Main/ChildPagephotoPlayer/photoPlayer/ZYPhoto.h
succ:/Users/mortimer/Desktop/working/CAISHEN/CAISHEN/Main/ChildPagephotoPlayer/photoPlayer/ZYViewController.h


succ:/Users/mortimer/Desktop/working/CAISHEN/CAISHEN/Main/Detail/Model很好看的瀑布流展示效果图👍/NVBnbCollectionView/NVBnbCollectionView.h
succ:/Users/mortimer/Desktop/working/CAISHEN/CAISHEN/Main/Detail/Model很好看的瀑布流展示效果图👍/NVBnbCollectionView/NVBnbCollectionViewLayout.h
succ:/Users/mortimer/Desktop/working/CAISHEN/CAISHEN/Main/Detail/Model很好看的瀑布流展示效果图👍/NVBnbCollectionView/NVBnbCollectionViewParallaxCell.h
succ:/Users/mortimer/Desktop/working/CAISHEN/CAISHEN/Main/Detail/Model很好看的瀑布流展示效果图👍/NVBnbCollectionViewDemo/GridCell.h

succ:/Users/mortimer/Desktop/working/CAISHEN/CAISHEN/Main/Detail/VC/KXMainDetailViewController.h

succ:/Users/mortimer/Desktop/working/CAISHEN/CAISHEN/Main/Detail/VCHJDataDisplayCenter/HJDataDisplayCenter/MainClasses/HJCollectionViewCell.h
succ:/Users/mortimer/Desktop/working/CAISHEN/CAISHEN/Main/Detail/VCHJDataDisplayCenter/HJDataDisplayCenter/MainClasses/HJCollectionViewLayout.h
succ:/Users/mortimer/Desktop/working/CAISHEN/CAISHEN/Main/Detail/VCHJDataDisplayCenter/HJDataDisplayCenter/MainClasses/HJDataDisplayCeter_VC.h
succ:/Users/mortimer/Desktop/working/CAISHEN/CAISHEN/Main/Detail/View/KXLittleLogginView.h
succ:/Users/mortimer/Desktop/working/CAISHEN/CAISHEN/Main/Detail/View/KXMainDetailTableViewCell.h
succ:/Users/mortimer/Desktop/working/CAISHEN/CAISHEN/Main/Detail/View/KXMainDetailThreeView.h
succ:/Users/mortimer/Desktop/working/CAISHEN/CAISHEN/Main/Detail/View/KXRecommendCollectionViewCell.h
succ:/Users/mortimer/Desktop/working/CAISHEN/CAISHEN/Main/Detail/View/KXRecommendView.h
succ:/Users/mortimer/Desktop/working/CAISHEN/CAISHEN/Main/Detail/View/KXSelectTableViewCell.h

























succ:/Users/mortimer/Desktop/working/CAISHEN/CAISHEN/Main/DetailNNJaneBookView/NNJaneBookView/Common/UIViewExt.h
succ:/Users/mortimer/Desktop/working/CAISHEN/CAISHEN/Main/DetailNNJaneBookView/NNJaneBookView/Found/Controllers/NNFoundController.h
succ:/Users/mortimer/Desktop/working/CAISHEN/CAISHEN/Main/DetailNNJaneBookView/NNJaneBookView/HomePage/Controllers/NNHomePageController.h
succ:/Users/mortimer/Desktop/working/CAISHEN/CAISHEN/Main/DetailNNJaneBookView/NNJaneBookView/Main/NNNavigationController.h
succ:/Users/mortimer/Desktop/working/CAISHEN/CAISHEN/Main/DetailNNJaneBookView/NNJaneBookView/Main/NNTabBarController.h
succ:/Users/mortimer/Desktop/working/CAISHEN/CAISHEN/Main/DetailNNJaneBookView/NNJaneBookView/Message/Controllers/NNMessageController.h
succ:/Users/mortimer/Desktop/working/CAISHEN/CAISHEN/Main/DetailNNJaneBookView/NNJaneBookView/My/Controllers/NNMyController.h
succ:/Users/mortimer/Desktop/working/CAISHEN/CAISHEN/Main/DetailNNJaneBookView/NNJaneBookView/My/Controllers/NNPersonalHomePageController.h
succ:/Users/mortimer/Desktop/working/CAISHEN/CAISHEN/Main/DetailNNJaneBookView/NNJaneBookView/My/Controllers/NNsettingViewController.h
succ:/Users/mortimer/Desktop/working/CAISHEN/CAISHEN/Main/DetailNNJaneBookView/NNJaneBookView/My/Views/NNContentScrollView.h
succ:/Users/mortimer/Desktop/working/CAISHEN/CAISHEN/Main/DetailNNJaneBookView/NNJaneBookView/My/Views/NNContentTableView.h
succ:/Users/mortimer/Desktop/working/CAISHEN/CAISHEN/Main/DetailNNJaneBookView/NNJaneBookView/My/Views/NNPersonalHomePageHeaderImageView.h
succ:/Users/mortimer/Desktop/working/CAISHEN/CAISHEN/Main/DetailNNJaneBookView/NNJaneBookView/My/Views/NNPersonalHomePageHeaderView.h
succ:/Users/mortimer/Desktop/working/CAISHEN/CAISHEN/Main/DetailNNJaneBookView/NNJaneBookView/My/Views/NNPersonalHomePageTitleView.h







succ:/Users/mortimer/Desktop/working/CAISHEN/CAISHEN/Main/Letter/ModelCollectionViewFlowLayoutDemo/CollectionViewFlowLayoutDemo/CommonTool/UIView+Extensions.h
succ:/Users/mortimer/Desktop/working/CAISHEN/CAISHEN/Main/Letter/ModelCollectionViewFlowLayoutDemo/CollectionViewFlowLayoutDemo/YPFCollectionViewCell.h
succ:/Users/mortimer/Desktop/working/CAISHEN/CAISHEN/Main/Letter/ModelCollectionViewFlowLayoutDemo/CollectionViewFlowLayoutDemo/YPFFlowLayout.h
succ:/Users/mortimer/Desktop/working/CAISHEN/CAISHEN/Main/Letter/VC/KXbodyPriceColumnViewController.h
succ:/Users/mortimer/Desktop/working/CAISHEN/CAISHEN/Main/Letter/VC/KXEventViewController.h
succ:/Users/mortimer/Desktop/working/CAISHEN/CAISHEN/Main/Letter/VC/KXLetterViewController.h
succ:/Users/mortimer/Desktop/working/CAISHEN/CAISHEN/Main/Letter/VCMyImageController/MyImageController/ZCAlbumInfoCell.h
succ:/Users/mortimer/Desktop/working/CAISHEN/CAISHEN/Main/Letter/VCMyImageController/MyImageController/ZCAlbumInfoViewController.h

succ:/Users/mortimer/Desktop/working/CAISHEN/CAISHEN/Main/Letter/VCMyImageController/MyImageController/ZCImagePickerController.h

succ:/Users/mortimer/Desktop/working/CAISHEN/CAISHEN/Main/Letter/VCMyImageController/MyImageController/ZCNoAuthorityViewController.h
succ:/Users/mortimer/Desktop/working/CAISHEN/CAISHEN/Main/Letter/VCMyImageController/MyImageController/ZCPhotoItem.h
succ:/Users/mortimer/Desktop/working/CAISHEN/CAISHEN/Main/Letter/VCMyImageController/MyImageController/ZCPhotoManager.h

succ:/Users/mortimer/Desktop/working/CAISHEN/CAISHEN/Main/Letter/VCMyImageController/MyImageController/ZCPhotosViewController.h
succ:/Users/mortimer/Desktop/working/CAISHEN/CAISHEN/Main/Letter/View/KXEventCollectionViewCell.h
succ:/Users/mortimer/Desktop/working/CAISHEN/CAISHEN/Main/Letter/View/KXEventTopView.h
succ:/Users/mortimer/Desktop/working/CAISHEN/CAISHEN/Main/Letter/View/KXLetterTableViewCell.h
succ:/Users/mortimer/Desktop/working/CAISHEN/CAISHEN/Main/Letter/ViewLookPhoto/LookPhoto/BigPhotoView.h
succ:/Users/mortimer/Desktop/working/CAISHEN/CAISHEN/Main/Letter/ViewLookPhoto/LookPhoto/PicCollectionViewCell.h
succ:/Users/mortimer/Desktop/working/CAISHEN/CAISHEN/Main/Letter广告弹出个性视图/WJAdsViewDemo/WJAdsViewDemo/WJAdsView.h

succ:/Users/mortimer/Desktop/working/CAISHEN/CAISHEN/Main/LoanAll/VC/KXLoanAllDetailViewController.h
succ:/Users/mortimer/Desktop/working/CAISHEN/CAISHEN/Main/LoanAll/VC/KXLoanAllViewController.h
succ:/Users/mortimer/Desktop/working/CAISHEN/CAISHEN/Main/LoanAll/VCPhotoGalleryDemo/PhotoGalleryDemo/MRCircleLayout.h
succ:/Users/mortimer/Desktop/working/CAISHEN/CAISHEN/Main/LoanAll/VCPhotoGalleryDemo/PhotoGalleryDemo/MRLineLayout.h
succ:/Users/mortimer/Desktop/working/CAISHEN/CAISHEN/Main/LoanAll/VCPhotoGalleryDemo/PhotoGalleryDemo/MRPhotoViewCell.h
succ:/Users/mortimer/Desktop/working/CAISHEN/CAISHEN/Main/LoanAll/View/KXLoanAllTableViewCell.h


succ:/Users/mortimer/Desktop/working/CAISHEN/CAISHEN/Main/MainPage/VC/KXBaseLinkViewController.h
succ:/Users/mortimer/Desktop/working/CAISHEN/CAISHEN/Main/MainPage/VC/KXMainNewWebViewController.h
succ:/Users/mortimer/Desktop/working/CAISHEN/CAISHEN/Main/MainPage/VC/KXMainPageViewController.h
succ:/Users/mortimer/Desktop/working/CAISHEN/CAISHEN/Main/MainPage/VC/KXMainWebView2ViewController.h
succ:/Users/mortimer/Desktop/working/CAISHEN/CAISHEN/Main/MainPage/VC/KXMainWebViewController.h
succ:/Users/mortimer/Desktop/working/CAISHEN/CAISHEN/Main/MainPage/VC/KXNewTeachViewController.h
succ:/Users/mortimer/Desktop/working/CAISHEN/CAISHEN/Main/MainPage/VC/KXNewTeachViewController2.h
succ:/Users/mortimer/Desktop/working/CAISHEN/CAISHEN/Main/MainPage/VC/KXNextStepViewController.h
succ:/Users/mortimer/Desktop/working/CAISHEN/CAISHEN/Main/MainPage/VC/KXQuesViewController.h
succ:/Users/mortimer/Desktop/working/CAISHEN/CAISHEN/Main/MainPage/VC/KXTeachViewController.h
succ:/Users/mortimer/Desktop/working/CAISHEN/CAISHEN/Main/MainPage/VC/KXWebDetailViewController.h
succ:/Users/mortimer/Desktop/working/CAISHEN/CAISHEN/Main/MainPage/VCTMQRCode/TMQRCode/CFQRCodeManager/TMQRcodeView.h
succ:/Users/mortimer/Desktop/working/CAISHEN/CAISHEN/Main/MainPage/VCTMQRCode/TMQRCode/CFQRCodeManager/UIImage+CFQRcode.h
succ:/Users/mortimer/Desktop/working/CAISHEN/CAISHEN/Main/MainPage/View/KXLoanButton.h
succ:/Users/mortimer/Desktop/working/CAISHEN/CAISHEN/Main/MainPage/View/KXMainHorizontalCycleView.h
succ:/Users/mortimer/Desktop/working/CAISHEN/CAISHEN/Main/MainPage/View/KXMainListTableViewCell.h
succ:/Users/mortimer/Desktop/working/CAISHEN/CAISHEN/Main/MainPage/View/KXMainVerticleCycleView.h
succ:/Users/mortimer/Desktop/working/CAISHEN/CAISHEN/Main/MainPage/View/KXMarkView.h
succ:/Users/mortimer/Desktop/working/CAISHEN/CAISHEN/Main/MainPage/View/KXNewTeachCollectionViewCell.h
succ:/Users/mortimer/Desktop/working/CAISHEN/CAISHEN/Main/MainPage/View/KXQuestionButton.h
succ:/Users/mortimer/Desktop/working/CAISHEN/CAISHEN/Main/MainPage/View/KXTeachCollectionViewCell.h
succ:/Users/mortimer/Desktop/working/CAISHEN/CAISHEN/Main/MainPage/View/KXTeachCycleView.h
succ:/Users/mortimer/Desktop/working/CAISHEN/CAISHEN/Main/MainPage/View/KXUpDownButton.h
succ:/Users/mortimer/Desktop/working/CAISHEN/CAISHEN/Main/MainPage/View09瀑布流-代码抽取优化/瀑布流/FooterView.h
succ:/Users/mortimer/Desktop/working/CAISHEN/CAISHEN/Main/MainPage/View09瀑布流-代码抽取优化/瀑布流/Goods.h
succ:/Users/mortimer/Desktop/working/CAISHEN/CAISHEN/Main/MainPage/View09瀑布流-代码抽取优化/瀑布流/GoodsCell.h
succ:/Users/mortimer/Desktop/working/CAISHEN/CAISHEN/Main/MainPage/View09瀑布流-代码抽取优化/瀑布流/WaterFlowLayout.h


succ:/Users/mortimer/Desktop/working/CAISHEN/CAISHEN/Main/MainPage带动画搜索输入框👍/带动画搜索输入框👍/XMNTextFieldExample/XMNTextField/XMNAnimTextFiled.h
succ:/Users/mortimer/Desktop/working/CAISHEN/CAISHEN/Main/NewLoan/VC/KXLoanNewViewController.h
succ:/Users/mortimer/Desktop/working/CAISHEN/CAISHEN/Main/NewLoan/VC自定义布局/自定义布局/CustomLayout.h
succ:/Users/mortimer/Desktop/working/CAISHEN/CAISHEN/Main/NewLoan/VC自定义布局/自定义布局/TableViewController.h
succ:/Users/mortimer/Desktop/working/CAISHEN/CAISHEN/Main/NewLoan/VC自定义布局/自定义布局/WMCustomViewController.h
succ:/Users/mortimer/Desktop/working/CAISHEN/CAISHEN/Main/NewLoan/VC自定义布局/自定义布局/WMFlowLayout.h
succ:/Users/mortimer/Desktop/working/CAISHEN/CAISHEN/Main/NewMainPage/Controller/KXCustomServiceViewController.h
succ:/Users/mortimer/Desktop/working/CAISHEN/CAISHEN/Main/NewMainPage/Controller/KXNewKeySearchViewController.h
succ:/Users/mortimer/Desktop/working/CAISHEN/CAISHEN/Main/NewMainPage/Controller/KXNewMainPageViewController.h
succ:/Users/mortimer/Desktop/working/CAISHEN/CAISHEN/Main/NewMainPage/ControllerCCPageControl/CCPageControl/PageControlCollectionViewCell.h
succ:/Users/mortimer/Desktop/working/CAISHEN/CAISHEN/Main/NewMainPage/ControllerCCPageControl/CCPageControl/PageControlView.h


succ:/Users/mortimer/Desktop/working/CAISHEN/CAISHEN/Main/NewMainPage/ModelcollectionVIewRadio/collectionVIewRadio/RadioCollectionViewCell.h

succ:/Users/mortimer/Desktop/working/CAISHEN/CAISHEN/Main/NewMainPage/View/KXBannerCollectionViewCell.h
succ:/Users/mortimer/Desktop/working/CAISHEN/CAISHEN/Main/NewMainPage/View/KXCustomServiceTableViewCell.h
succ:/Users/mortimer/Desktop/working/CAISHEN/CAISHEN/Main/NewMainPage/View/KXKeyWordView.h
succ:/Users/mortimer/Desktop/working/CAISHEN/CAISHEN/Main/NewMainPage/View自定义流水布局/自定义流水布局/CZCell.h
succ:/Users/mortimer/Desktop/working/CAISHEN/CAISHEN/Main/NewMainPage/View自定义流水布局/自定义流水布局/CZFlowLayout.h
succ:/Users/mortimer/Desktop/working/CAISHEN/CAISHEN/Main/NewMainPage12-百思不得姐-推荐关注/01-百思不得姐/Classes/Essence-精华/Controller/XMGEssenceViewController.h
succ:/Users/mortimer/Desktop/working/CAISHEN/CAISHEN/Main/NewMainPage12-百思不得姐-推荐关注/01-百思不得姐/Classes/FriendTrends-关注/Controller/XMGFriendTrendsViewController.h
succ:/Users/mortimer/Desktop/working/CAISHEN/CAISHEN/Main/NewMainPage12-百思不得姐-推荐关注/01-百思不得姐/Classes/FriendTrends-关注/Controller/XMGRecommendViewController.h
succ:/Users/mortimer/Desktop/working/CAISHEN/CAISHEN/Main/NewMainPage12-百思不得姐-推荐关注/01-百思不得姐/Classes/Me-我/Controller/XMGMeViewController.h
succ:/Users/mortimer/Desktop/working/CAISHEN/CAISHEN/Main/NewMainPage12-百思不得姐-推荐关注/01-百思不得姐/Classes/New-新帖/Controller/XMGNewViewController.h
succ:/Users/mortimer/Desktop/working/CAISHEN/CAISHEN/Main/NewMainPage12-百思不得姐-推荐关注/01-百思不得姐/Classes/Other-其他/Category/UIBarButtonItem+XMGExtension.h
succ:/Users/mortimer/Desktop/working/CAISHEN/CAISHEN/Main/NewMainPage12-百思不得姐-推荐关注/01-百思不得姐/Classes/Other-其他/Category/UIView+XMGExtension.h
succ:/Users/mortimer/Desktop/working/CAISHEN/CAISHEN/Main/NewMainPage12-百思不得姐-推荐关注/01-百思不得姐/Classes/Other-其他/Controller/XMGNavigationController.h
succ:/Users/mortimer/Desktop/working/CAISHEN/CAISHEN/Main/NewMainPage12-百思不得姐-推荐关注/01-百思不得姐/Classes/Other-其他/Controller/XMGTabBarController.h
succ:/Users/mortimer/Desktop/working/CAISHEN/CAISHEN/Main/NewMainPage12-百思不得姐-推荐关注/01-百思不得姐/Classes/Other-其他/View/XMGTabBar.h
succ:/Users/mortimer/Desktop/working/CAISHEN/CAISHEN/MainNS_Timer/timer/CDPKZuixinCell.h
succ:/Users/mortimer/Desktop/working/CAISHEN/CAISHEN/MainNS_Timer/timer/Timer_BeginWatch.h





succ:/Users/mortimer/Desktop/working/CAISHEN/CAISHEN/Mine/MinePage/ModelMoveButton-master/MoveButton/MoreViewController.h
succ:/Users/mortimer/Desktop/working/CAISHEN/CAISHEN/Mine/MinePage/ModelMoveButton-master/MoveButton/MoveButton/CustomGrid.h

succ:/Users/mortimer/Desktop/working/CAISHEN/CAISHEN/Mine/MinePage/VC/KXAboutUsViewController.h
succ:/Users/mortimer/Desktop/working/CAISHEN/CAISHEN/Mine/MinePage/VC/KXAdviceBackViewController.h
succ:/Users/mortimer/Desktop/working/CAISHEN/CAISHEN/Mine/MinePage/VC/KXChangePasswordViewController.h
succ:/Users/mortimer/Desktop/working/CAISHEN/CAISHEN/Mine/MinePage/VC/KXForgetViewController.h
succ:/Users/mortimer/Desktop/working/CAISHEN/CAISHEN/Mine/MinePage/VC/KXLogginViewController.h
succ:/Users/mortimer/Desktop/working/CAISHEN/CAISHEN/Mine/MinePage/VC/KXMinePageViewController.h
succ:/Users/mortimer/Desktop/working/CAISHEN/CAISHEN/Mine/MinePage/VC/KXMyApplyViewController.h
succ:/Users/mortimer/Desktop/working/CAISHEN/CAISHEN/Mine/MinePage/VC/KXMyCollectViewController.h
succ:/Users/mortimer/Desktop/working/CAISHEN/CAISHEN/Mine/MinePage/VC/KXRegisterViewController.h
succ:/Users/mortimer/Desktop/working/CAISHEN/CAISHEN/Mine/MinePage/VC/KXSearchHeaderDownView.h
succ:/Users/mortimer/Desktop/working/CAISHEN/CAISHEN/Mine/MinePage/VC/KXSecondApplyViewController.h
succ:/Users/mortimer/Desktop/working/CAISHEN/CAISHEN/Mine/MinePage/VC/KXSettingViewController.h
succ:/Users/mortimer/Desktop/working/CAISHEN/CAISHEN/Mine/MinePage/VC按钮动画/JSDownloadView/JSAnimationService.h
succ:/Users/mortimer/Desktop/working/CAISHEN/CAISHEN/Mine/MinePage/VC按钮动画/JSDownloadView/JSDownloadView.h
succ:/Users/mortimer/Desktop/working/CAISHEN/CAISHEN/Mine/MinePage/View/KXMyApplyTableViewCell.h
succ:/Users/mortimer/Desktop/working/CAISHEN/CAISHEN/Mine/MinePage/View标签栏/标签栏/ChannelView.h


succ:/Users/mortimer/Desktop/working/CAISHEN/CAISHEN/News/NewsPage/ModelLDImagePicker/ImageClipTool/LDActionSheet/LDActionSheet.h
succ:/Users/mortimer/Desktop/working/CAISHEN/CAISHEN/News/NewsPage/ModelLDImagePicker/LDImagePicker/LDImagePicker.h
succ:/Users/mortimer/Desktop/working/CAISHEN/CAISHEN/News/NewsPage/ModelLDImagePicker/LDImagePicker/VPImageCropperViewController.h
succ:/Users/mortimer/Desktop/working/CAISHEN/CAISHEN/News/NewsPage/VC/KXCommentViewController.h
succ:/Users/mortimer/Desktop/working/CAISHEN/CAISHEN/News/NewsPage/VC/KXNewsPageViewController.h
succ:/Users/mortimer/Desktop/working/CAISHEN/CAISHEN/News/NewsPage/VC/KXNewsWebViewController.h
succ:/Users/mortimer/Desktop/working/CAISHEN/CAISHEN/News/NewsPage/View/KXCommentBottomBar.h
succ:/Users/mortimer/Desktop/working/CAISHEN/CAISHEN/News/NewsPage/View/KXCommentPutBar.h
succ:/Users/mortimer/Desktop/working/CAISHEN/CAISHEN/News/NewsPage/View/KXCommentTableViewCell.h
succ:/Users/mortimer/Desktop/working/CAISHEN/CAISHEN/News/NewsPage/View/KXNewsCycleView.h
succ:/Users/mortimer/Desktop/working/CAISHEN/CAISHEN/News/NewsPage/View/KXNewsTableViewCell.h
succ:/Users/mortimer/Desktop/working/CAISHEN/CAISHEN/News/NewsPage/View/KXOptionButtonView.h
succ:/Users/mortimer/Desktop/working/CAISHEN/CAISHEN/News/NewsPage/View/KXOptionCollectionViewCell.h
succ:/Users/mortimer/Desktop/working/CAISHEN/CAISHEN/News/NewsPageJKRComplexFallsDemo/JKRFallsDemo/JKRFallsLayout.h
succ:/Users/mortimer/Desktop/working/CAISHEN/CAISHEN/News/NewsPageJKRComplexFallsDemo/JKRFallsDemo/JKRShop.h
succ:/Users/mortimer/Desktop/working/CAISHEN/CAISHEN/News/NewsPageJKRComplexFallsDemo/JKRFallsDemo/JKRShopCell.h
succ:/Users/mortimer/Desktop/working/CAISHEN/CAISHEN/Search/SearchPage/VC/KXSearchPageViewController.h
succ:/Users/mortimer/Desktop/working/CAISHEN/CAISHEN/Search/SearchPageHCollectionViewDemo/HCollectionViewDemo/layout/FMHotBrandLayout.h
succ:/Users/mortimer/Desktop/working/CAISHEN/CAISHEN/Search/SearchPageHCollectionViewDemo/HCollectionViewDemo/View/FMHotBrandCeollctionSectionHeadView.h
succ:/Users/mortimer/Desktop/working/CAISHEN/CAISHEN/Search/SearchPageHCollectionViewDemo/HCollectionViewDemo/View/FMHotBrandCollectionCell.h


succ:/Users/mortimer/Desktop/working/CAISHEN/CAISHEN/Tools/Advertisement/KXLaunchAdImageView.h
succ:/Users/mortimer/Desktop/working/CAISHEN/CAISHEN/Tools/Advertisement/KXLaunchAdSkipButton.h

succ:/Users/mortimer/Desktop/working/CAISHEN/CAISHEN/Tools/Advertisement/KXLaunchImageView.h

succ:/Users/mortimer/Desktop/working/CAISHEN/CAISHEN/Tools/Advertisement键盘弹出输入控件/键盘弹出输入控件/CGQInputTextView.h




succ:/Users/mortimer/Desktop/working/CAISHEN/CAISHEN/Tools/ManagerHSYCustomHorizontalCollectioinView/HSYCustomHorizontalCollectioinView/HSYCustomDirectionHorizontalFlowLayout.h
succ:/Users/mortimer/Desktop/working/CAISHEN/CAISHEN/Tools/ManagerHSYCustomHorizontalCollectioinView/HSYCustomHorizontalCollectioinView/HSYCustomEmojiCell.h
succ:/Users/mortimer/Desktop/working/CAISHEN/CAISHEN/Tools/ManagerHSYCustomHorizontalCollectioinView/HSYCustomHorizontalCollectioinView/HSYCustomEmojiCollectionView.h

succ:/Users/mortimer/Desktop/working/CAISHEN/CAISHEN/Tools/ManagerHSYCustomHorizontalCollectioinView/HSYCustomHorizontalCollectioinView/NSObject+UIKit.h
succ:/Users/mortimer/Desktop/working/CAISHEN/CAISHEN/Tools/ManagerHSYCustomHorizontalCollectioinView/HSYCustomHorizontalCollectioinView/UIView+Frame.h



succ:/Users/mortimer/Desktop/working/CAISHEN/CAISHEN/Tools/SDK/MiPushSDK.h
succ:/Users/mortimer/Desktop/working/CAISHEN/CAISHEN/Tools/UIColor+KXHex.h
succ:/Users/mortimer/Desktop/working/CAISHEN/CAISHEN/Tools/UIDevice+YLDevice.h
succ:/Users/mortimer/Desktop/working/CAISHEN/CAISHEN/Tools自定义Layout标签/自定义Layout标签/MYCollectionViewCell.h
succ:/Users/mortimer/Desktop/working/CAISHEN/CAISHEN/Tools自定义Layout标签/自定义Layout标签/OneViewController.h
succ:/Users/mortimer/Desktop/working/CAISHEN/CAISHEN/Tools自定义Layout标签/自定义Layout标签/TwoViewController.h
succ:/Users/mortimer/Desktop/working/CAISHEN/CAISHEN/Tools自定义Layout标签/自定义Layout标签/WGCollectionViewLayout.h
