
succ:/Users/mortimer/Desktop/working/极速现金贷1229/CAISHEN/AppDelegate/KXAppDelegate.h
succ:/Users/mortimer/Desktop/working/极速现金贷1229/CAISHEN/AppDelegate/KXBaseViewController.h

succ:/Users/mortimer/Desktop/working/极速现金贷1229/CAISHEN/AppDelegate/KXHomeNavgationController.h
succ:/Users/mortimer/Desktop/working/极速现金贷1229/CAISHEN/AppDelegate/KXHomeViewController.h
succ:/Users/mortimer/Desktop/working/极速现金贷1229/CAISHEN/Calculator/CalculatePage/VC/KXCalculatePageViewController.h
succ:/Users/mortimer/Desktop/working/极速现金贷1229/CAISHEN/Calculator/CalculatePage/View/KXCalculateTableViewCell.h
succ:/Users/mortimer/Desktop/working/极速现金贷1229/CAISHEN/Card/Controller/KXCreditCardViewController.h

succ:/Users/mortimer/Desktop/working/极速现金贷1229/CAISHEN/Card/View/KXCreditCardTableViewCell.h

succ:/Users/mortimer/Desktop/working/极速现金贷1229/CAISHEN/Column/VC/KXCarLoancalViewController.h
succ:/Users/mortimer/Desktop/working/极速现金贷1229/CAISHEN/Column/VC/KXColumnViewController.h
succ:/Users/mortimer/Desktop/working/极速现金贷1229/CAISHEN/Column/VC/KXCommonProblemAnswerViewController.h
succ:/Users/mortimer/Desktop/working/极速现金贷1229/CAISHEN/Column/VC/KXCommonProblemViewController.h
succ:/Users/mortimer/Desktop/working/极速现金贷1229/CAISHEN/Column/VC/KXFinancialViewController.h
succ:/Users/mortimer/Desktop/working/极速现金贷1229/CAISHEN/Column/VC/KXLoanRateViewController.h
succ:/Users/mortimer/Desktop/working/极速现金贷1229/CAISHEN/Column/VC/KXNewColumnViewController.h
succ:/Users/mortimer/Desktop/working/极速现金贷1229/CAISHEN/Column/View/KXCarLoanPicker.h
succ:/Users/mortimer/Desktop/working/极速现金贷1229/CAISHEN/Column/View/KXColumnTableViewCell.h
succ:/Users/mortimer/Desktop/working/极速现金贷1229/CAISHEN/Column/View/KXCommonProblemCollectionViewCell.h
succ:/Users/mortimer/Desktop/working/极速现金贷1229/CAISHEN/Column/View/KXCommonProblemTableViewCell.h


succ:/Users/mortimer/Desktop/working/极速现金贷1229/CAISHEN/Main/ChildPage/Controller/KXEqualMoneyViewController.h
succ:/Users/mortimer/Desktop/working/极速现金贷1229/CAISHEN/Main/ChildPage/Controller/KXEqualRateToolViewController.h
succ:/Users/mortimer/Desktop/working/极速现金贷1229/CAISHEN/Main/ChildPage/Controller/KXEqualRateViewController.h
succ:/Users/mortimer/Desktop/working/极速现金贷1229/CAISHEN/Main/ChildPage/Controller/KXHouseCalculateViewController.h
succ:/Users/mortimer/Desktop/working/极速现金贷1229/CAISHEN/Main/ChildPage/Controller/KXIndividualIncomeViewController.h
succ:/Users/mortimer/Desktop/working/极速现金贷1229/CAISHEN/Main/ChildPage/Controller/KXInstallmentViewController.h

succ:/Users/mortimer/Desktop/working/极速现金贷1229/CAISHEN/Main/ChildPage/Views/KXEachTableViewCell.h
succ:/Users/mortimer/Desktop/working/极速现金贷1229/CAISHEN/Main/ChildPage/Views/KXEqualMoneyHeader.h
succ:/Users/mortimer/Desktop/working/极速现金贷1229/CAISHEN/Main/ChildPage/Views/KXHouseCalculTableViewCell.h
succ:/Users/mortimer/Desktop/working/极速现金贷1229/CAISHEN/Main/ChildPage/Views/KXRateSelectedView.h


succ:/Users/mortimer/Desktop/working/极速现金贷1229/CAISHEN/Main/Detail/VC/KXMainDetailViewController.h
succ:/Users/mortimer/Desktop/working/极速现金贷1229/CAISHEN/Main/Detail/View/KXLittleLogginView.h
succ:/Users/mortimer/Desktop/working/极速现金贷1229/CAISHEN/Main/Detail/View/KXMainDetailTableViewCell.h
succ:/Users/mortimer/Desktop/working/极速现金贷1229/CAISHEN/Main/Detail/View/KXMainDetailThreeView.h
succ:/Users/mortimer/Desktop/working/极速现金贷1229/CAISHEN/Main/Detail/View/KXRecommendCollectionViewCell.h
succ:/Users/mortimer/Desktop/working/极速现金贷1229/CAISHEN/Main/Detail/View/KXRecommendView.h
succ:/Users/mortimer/Desktop/working/极速现金贷1229/CAISHEN/Main/Detail/View/KXSelectTableViewCell.h




succ:/Users/mortimer/Desktop/working/极速现金贷1229/CAISHEN/Main/Letter/VC/KXbodyPriceColumnViewController.h
succ:/Users/mortimer/Desktop/working/极速现金贷1229/CAISHEN/Main/Letter/VC/KXEventViewController.h
succ:/Users/mortimer/Desktop/working/极速现金贷1229/CAISHEN/Main/Letter/VC/KXLetterViewController.h
succ:/Users/mortimer/Desktop/working/极速现金贷1229/CAISHEN/Main/Letter/View/KXEventCollectionViewCell.h
succ:/Users/mortimer/Desktop/working/极速现金贷1229/CAISHEN/Main/Letter/View/KXEventTopView.h
succ:/Users/mortimer/Desktop/working/极速现金贷1229/CAISHEN/Main/Letter/View/KXLetterTableViewCell.h

succ:/Users/mortimer/Desktop/working/极速现金贷1229/CAISHEN/Main/LoanAll/VC/KXLoanAllDetailViewController.h
succ:/Users/mortimer/Desktop/working/极速现金贷1229/CAISHEN/Main/LoanAll/VC/KXLoanAllViewController.h
succ:/Users/mortimer/Desktop/working/极速现金贷1229/CAISHEN/Main/LoanAll/View/KXLoanAllTableViewCell.h


succ:/Users/mortimer/Desktop/working/极速现金贷1229/CAISHEN/Main/MainPage/VC/KXBaseLinkViewController.h
succ:/Users/mortimer/Desktop/working/极速现金贷1229/CAISHEN/Main/MainPage/VC/KXMainNewWebViewController.h
succ:/Users/mortimer/Desktop/working/极速现金贷1229/CAISHEN/Main/MainPage/VC/KXMainPageViewController.h
succ:/Users/mortimer/Desktop/working/极速现金贷1229/CAISHEN/Main/MainPage/VC/KXMainWebView2ViewController.h
succ:/Users/mortimer/Desktop/working/极速现金贷1229/CAISHEN/Main/MainPage/VC/KXMainWebViewController.h
succ:/Users/mortimer/Desktop/working/极速现金贷1229/CAISHEN/Main/MainPage/VC/KXNewTeachViewController.h
succ:/Users/mortimer/Desktop/working/极速现金贷1229/CAISHEN/Main/MainPage/VC/KXNextStepViewController.h
succ:/Users/mortimer/Desktop/working/极速现金贷1229/CAISHEN/Main/MainPage/VC/KXQuesViewController.h
succ:/Users/mortimer/Desktop/working/极速现金贷1229/CAISHEN/Main/MainPage/VC/KXTeachViewController.h
succ:/Users/mortimer/Desktop/working/极速现金贷1229/CAISHEN/Main/MainPage/VC/KXWebDetailViewController.h
succ:/Users/mortimer/Desktop/working/极速现金贷1229/CAISHEN/Main/MainPage/View/KXLoanButton.h
succ:/Users/mortimer/Desktop/working/极速现金贷1229/CAISHEN/Main/MainPage/View/KXMainHorizontalCycleView.h
succ:/Users/mortimer/Desktop/working/极速现金贷1229/CAISHEN/Main/MainPage/View/KXMainListTableViewCell.h
succ:/Users/mortimer/Desktop/working/极速现金贷1229/CAISHEN/Main/MainPage/View/KXMainVerticleCycleView.h
succ:/Users/mortimer/Desktop/working/极速现金贷1229/CAISHEN/Main/MainPage/View/KXMarkView.h
succ:/Users/mortimer/Desktop/working/极速现金贷1229/CAISHEN/Main/MainPage/View/KXNewTeachCollectionViewCell.h
succ:/Users/mortimer/Desktop/working/极速现金贷1229/CAISHEN/Main/MainPage/View/KXQuestionButton.h
succ:/Users/mortimer/Desktop/working/极速现金贷1229/CAISHEN/Main/MainPage/View/KXTeachCollectionViewCell.h
succ:/Users/mortimer/Desktop/working/极速现金贷1229/CAISHEN/Main/MainPage/View/KXTeachCycleView.h
succ:/Users/mortimer/Desktop/working/极速现金贷1229/CAISHEN/Main/MainPage/View/KXUpDownButton.h


succ:/Users/mortimer/Desktop/working/极速现金贷1229/CAISHEN/Main/NewLoan/VC/KXLoanNewViewController.h
succ:/Users/mortimer/Desktop/working/极速现金贷1229/CAISHEN/Main/NewMainPage/Controller/KXCustomServiceViewController.h
succ:/Users/mortimer/Desktop/working/极速现金贷1229/CAISHEN/Main/NewMainPage/Controller/KXNewKeySearchViewController.h
succ:/Users/mortimer/Desktop/working/极速现金贷1229/CAISHEN/Main/NewMainPage/Controller/KXNewMainPageViewController.h


succ:/Users/mortimer/Desktop/working/极速现金贷1229/CAISHEN/Main/NewMainPage/View/KXBannerCollectionViewCell.h
succ:/Users/mortimer/Desktop/working/极速现金贷1229/CAISHEN/Main/NewMainPage/View/KXCustomServiceTableViewCell.h
succ:/Users/mortimer/Desktop/working/极速现金贷1229/CAISHEN/Main/NewMainPage/View/KXKeyWordView.h





succ:/Users/mortimer/Desktop/working/极速现金贷1229/CAISHEN/Mine/MinePage/VC/KXAboutUsViewController.h
succ:/Users/mortimer/Desktop/working/极速现金贷1229/CAISHEN/Mine/MinePage/VC/KXAdviceBackViewController.h
succ:/Users/mortimer/Desktop/working/极速现金贷1229/CAISHEN/Mine/MinePage/VC/KXChangePasswordViewController.h
succ:/Users/mortimer/Desktop/working/极速现金贷1229/CAISHEN/Mine/MinePage/VC/KXForgetViewController.h
succ:/Users/mortimer/Desktop/working/极速现金贷1229/CAISHEN/Mine/MinePage/VC/KXLogginViewController.h
succ:/Users/mortimer/Desktop/working/极速现金贷1229/CAISHEN/Mine/MinePage/VC/KXMinePageViewController.h
succ:/Users/mortimer/Desktop/working/极速现金贷1229/CAISHEN/Mine/MinePage/VC/KXMyApplyViewController.h
succ:/Users/mortimer/Desktop/working/极速现金贷1229/CAISHEN/Mine/MinePage/VC/KXMyCollectViewController.h
succ:/Users/mortimer/Desktop/working/极速现金贷1229/CAISHEN/Mine/MinePage/VC/KXRegisterViewController.h
succ:/Users/mortimer/Desktop/working/极速现金贷1229/CAISHEN/Mine/MinePage/VC/KXSearchHeaderDownView.h
succ:/Users/mortimer/Desktop/working/极速现金贷1229/CAISHEN/Mine/MinePage/VC/KXSecondApplyViewController.h
succ:/Users/mortimer/Desktop/working/极速现金贷1229/CAISHEN/Mine/MinePage/VC/KXSettingViewController.h
succ:/Users/mortimer/Desktop/working/极速现金贷1229/CAISHEN/Mine/MinePage/View/KXMyApplyTableViewCell.h


succ:/Users/mortimer/Desktop/working/极速现金贷1229/CAISHEN/News/NewsPage/VC/KXCommentViewController.h
succ:/Users/mortimer/Desktop/working/极速现金贷1229/CAISHEN/News/NewsPage/VC/KXNewsPageViewController.h
succ:/Users/mortimer/Desktop/working/极速现金贷1229/CAISHEN/News/NewsPage/VC/KXNewsWebViewController.h
succ:/Users/mortimer/Desktop/working/极速现金贷1229/CAISHEN/News/NewsPage/View/KXCommentBottomBar.h
succ:/Users/mortimer/Desktop/working/极速现金贷1229/CAISHEN/News/NewsPage/View/KXCommentPutBar.h
succ:/Users/mortimer/Desktop/working/极速现金贷1229/CAISHEN/News/NewsPage/View/KXCommentTableViewCell.h
succ:/Users/mortimer/Desktop/working/极速现金贷1229/CAISHEN/News/NewsPage/View/KXNewsCycleView.h
succ:/Users/mortimer/Desktop/working/极速现金贷1229/CAISHEN/News/NewsPage/View/KXNewsTableViewCell.h
succ:/Users/mortimer/Desktop/working/极速现金贷1229/CAISHEN/News/NewsPage/View/KXOptionButtonView.h
succ:/Users/mortimer/Desktop/working/极速现金贷1229/CAISHEN/News/NewsPage/View/KXOptionCollectionViewCell.h
succ:/Users/mortimer/Desktop/working/极速现金贷1229/CAISHEN/Search/SearchPage/VC/KXSearchPageViewController.h

succ:/Users/mortimer/Desktop/working/极速现金贷1229/CAISHEN/Tools/Advertisement/KXLaunchAdImageView.h
succ:/Users/mortimer/Desktop/working/极速现金贷1229/CAISHEN/Tools/Advertisement/KXLaunchAdSkipButton.h

succ:/Users/mortimer/Desktop/working/极速现金贷1229/CAISHEN/Tools/Advertisement/KXLaunchImageView.h








succ:/Users/mortimer/Desktop/working/极速现金贷1229/CAISHEN/Tools/SDK/MiPushSDK.h
succ:/Users/mortimer/Desktop/working/极速现金贷1229/CAISHEN/Tools/UIColor+KXHex.h
succ:/Users/mortimer/Desktop/working/极速现金贷1229/CAISHEN/Tools/UIDevice+YLDevice.h
