
succ:/Users/mortimer/Desktop/working/飞鱼/JIZHANG/Main/Addition/FLAnimatedImage/FLAnimatedImage.h
succ:/Users/mortimer/Desktop/working/飞鱼/JIZHANG/Main/Addition/FLAnimatedImage/FLAnimatedImageView.h
succ:/Users/mortimer/Desktop/working/飞鱼/JIZHANG/Main/Base/JZBaseViewController.h

succ:/Users/mortimer/Desktop/working/飞鱼/JIZHANG/Main/Base/JZNavigationViewController.h
succ:/Users/mortimer/Desktop/working/飞鱼/JIZHANG/Main/Base/JZTabBar.h
succ:/Users/mortimer/Desktop/working/飞鱼/JIZHANG/Main/Base/JZTabBarViewController.h










succ:/Users/mortimer/Desktop/working/飞鱼/JIZHANG/Main/Charts/ViewControllers/JZChartsPieViewController.h
succ:/Users/mortimer/Desktop/working/飞鱼/JIZHANG/Main/Charts/ViewControllers/JZChartsViewController.h


succ:/Users/mortimer/Desktop/working/飞鱼/JIZHANG/Main/Charts/Views/JZChartsDataLineView.h
succ:/Users/mortimer/Desktop/working/飞鱼/JIZHANG/Main/Charts/Views/JZChartsDataTableView.h
succ:/Users/mortimer/Desktop/working/飞鱼/JIZHANG/Main/Charts/Views/JZChartsDataTableViewCell.h
succ:/Users/mortimer/Desktop/working/飞鱼/JIZHANG/Main/Charts/Views/JZChartsPieTableViewCell.h
succ:/Users/mortimer/Desktop/working/飞鱼/JIZHANG/Main/Charts/Views/JZChartsPieView.h
succ:/Users/mortimer/Desktop/working/飞鱼/JIZHANG/Main/Charts/Views/JZChartsScrollTitleView.h
succ:/Users/mortimer/Desktop/working/飞鱼/JIZHANG/Main/Charts/Views/JZChartsTableViewCell.h
succ:/Users/mortimer/Desktop/working/飞鱼/JIZHANG/Main/Charts/Views/JZChartsTitleCollectionViewCell.h
succ:/Users/mortimer/Desktop/working/飞鱼/JIZHANG/Main/Charts/Views/JZLineChartView.h
succ:/Users/mortimer/Desktop/working/飞鱼/JIZHANG/Main/Charts/Views/JZLineDetailTableViewCell.h
succ:/Users/mortimer/Desktop/working/飞鱼/JIZHANG/Main/Charts/Views/JZLineDetailView.h
succ:/Users/mortimer/Desktop/working/飞鱼/JIZHANG/Main/Charts/Views/JZOptionButtonView.h
succ:/Users/mortimer/Desktop/working/飞鱼/JIZHANG/Main/Charts/Views/JZOptionCollectionViewCell.h
succ:/Users/mortimer/Desktop/working/飞鱼/JIZHANG/Main/Charts/Views/JZSegmentView.h
succ:/Users/mortimer/Desktop/working/飞鱼/JIZHANG/Main/Charts/Views/JZTraingleView.h
succ:/Users/mortimer/Desktop/working/飞鱼/JIZHANG/Main/Home/JZGestureLockView/YLCircleItemView.h

succ:/Users/mortimer/Desktop/working/飞鱼/JIZHANG/Main/Home/JZGestureLockView/YLGestureLockView.h

succ:/Users/mortimer/Desktop/working/飞鱼/JIZHANG/Main/Home/JZGestureLockView/YLLittleCircleView.h




succ:/Users/mortimer/Desktop/working/飞鱼/JIZHANG/Main/Home/Skin/JZSkinCollectionViewCell.h
succ:/Users/mortimer/Desktop/working/飞鱼/JIZHANG/Main/Home/Skin/JZSkinDownloadProgressView.h
succ:/Users/mortimer/Desktop/working/飞鱼/JIZHANG/Main/Home/Skin/JZSkinManageView.h


succ:/Users/mortimer/Desktop/working/飞鱼/JIZHANG/Main/Home/Skin/VPImageCropperViewController.h
succ:/Users/mortimer/Desktop/working/飞鱼/JIZHANG/Main/Home/ViewControllers/JZGiftViewController.h
succ:/Users/mortimer/Desktop/working/飞鱼/JIZHANG/Main/Home/ViewControllers/JZHomeDetailViewController.h
succ:/Users/mortimer/Desktop/working/飞鱼/JIZHANG/Main/Home/ViewControllers/JZHomeSearchViewController.h
succ:/Users/mortimer/Desktop/working/飞鱼/JIZHANG/Main/Home/ViewControllers/JZHomeViewController.h

succ:/Users/mortimer/Desktop/working/飞鱼/JIZHANG/Main/Home/Views/JZComUpgradeView.h
succ:/Users/mortimer/Desktop/working/飞鱼/JIZHANG/Main/Home/Views/JZDatePickerView.h
succ:/Users/mortimer/Desktop/working/飞鱼/JIZHANG/Main/Home/Views/JZHomeCollectionViewCell.h
succ:/Users/mortimer/Desktop/working/飞鱼/JIZHANG/Main/Home/Views/JZHomeDetailTableViewCell.h
succ:/Users/mortimer/Desktop/working/飞鱼/JIZHANG/Main/Home/Views/JZHomeTopControl.h
succ:/Users/mortimer/Desktop/working/飞鱼/JIZHANG/Main/Home/Views/JZHomeUpdateView.h
succ:/Users/mortimer/Desktop/working/飞鱼/JIZHANG/Main/Home/Views/JZItemTableViewCell.h
succ:/Users/mortimer/Desktop/working/飞鱼/JIZHANG/Main/Home/Views/JZMarkView.h
succ:/Users/mortimer/Desktop/working/飞鱼/JIZHANG/Main/Home/Views/JZNoDataView.h






succ:/Users/mortimer/Desktop/working/飞鱼/JIZHANG/Main/Plus/ViewControllers/JZPlusSettingViewController.h
succ:/Users/mortimer/Desktop/working/飞鱼/JIZHANG/Main/Plus/ViewControllers/JZPlusViewController.h
succ:/Users/mortimer/Desktop/working/飞鱼/JIZHANG/Main/Plus/Views/JZCategorySettingTableViewCell.h
succ:/Users/mortimer/Desktop/working/飞鱼/JIZHANG/Main/Plus/Views/JZChooseViewTableViewCell.h
succ:/Users/mortimer/Desktop/working/飞鱼/JIZHANG/Main/Plus/Views/JZPlusChooseView.h
succ:/Users/mortimer/Desktop/working/飞鱼/JIZHANG/Main/Plus/Views/JZPlusCollectionViewCell.h
succ:/Users/mortimer/Desktop/working/飞鱼/JIZHANG/Main/Plus/Views/JZPlusDetailView.h
succ:/Users/mortimer/Desktop/working/飞鱼/JIZHANG/Main/Plus/Views/JZPlusTimeDetailView.h
succ:/Users/mortimer/Desktop/working/飞鱼/JIZHANG/Main/Plus/Views/JZTextInputView.h


succ:/Users/mortimer/Desktop/working/飞鱼/JIZHANG/Main/Search/ViewControllers/JZSearchViewController.h
succ:/Users/mortimer/Desktop/working/飞鱼/JIZHANG/Main/Search/ViewControllers/JZSearchWebViewController.h
succ:/Users/mortimer/Desktop/working/飞鱼/JIZHANG/Main/Search/Views/JZSearchCollectionViewCell.h
succ:/Users/mortimer/Desktop/working/飞鱼/JIZHANG/Main/Search/Views/JZSearchTableViewCell.h
succ:/Users/mortimer/Desktop/working/飞鱼/JIZHANG/Main/Setting/login/controllers/JZFindPwdComViewController.h
succ:/Users/mortimer/Desktop/working/飞鱼/JIZHANG/Main/Setting/login/controllers/JZForgetCfmViewController.h
succ:/Users/mortimer/Desktop/working/飞鱼/JIZHANG/Main/Setting/login/controllers/JZForgetPwdViewController.h
succ:/Users/mortimer/Desktop/working/飞鱼/JIZHANG/Main/Setting/login/controllers/JZGestureCodeLogginViewController.h
succ:/Users/mortimer/Desktop/working/飞鱼/JIZHANG/Main/Setting/login/controllers/JZLoginViewController.h
succ:/Users/mortimer/Desktop/working/飞鱼/JIZHANG/Main/Setting/login/controllers/JZPhoneLoginViewController.h
succ:/Users/mortimer/Desktop/working/飞鱼/JIZHANG/Main/Setting/login/views/JZForgetPwdView.h
succ:/Users/mortimer/Desktop/working/飞鱼/JIZHANG/Main/Setting/login/views/JZNavTopview.h


succ:/Users/mortimer/Desktop/working/飞鱼/JIZHANG/Main/Setting/PersonInfomation/viewcontrollers/JZBangMobileViewController.h
succ:/Users/mortimer/Desktop/working/飞鱼/JIZHANG/Main/Setting/PersonInfomation/viewcontrollers/JZBMSendCodeViewController.h
succ:/Users/mortimer/Desktop/working/飞鱼/JIZHANG/Main/Setting/PersonInfomation/viewcontrollers/JZModPwdViewController.h
succ:/Users/mortimer/Desktop/working/飞鱼/JIZHANG/Main/Setting/PersonInfomation/viewcontrollers/JZPersonInfoViewController.h
succ:/Users/mortimer/Desktop/working/飞鱼/JIZHANG/Main/Setting/Register/controllers/JZRegisterFinishViewController.h
succ:/Users/mortimer/Desktop/working/飞鱼/JIZHANG/Main/Setting/Register/controllers/JZRegisterViewController.h

succ:/Users/mortimer/Desktop/working/飞鱼/JIZHANG/Main/Setting/TouchID/JZTouchIDViewController.h
succ:/Users/mortimer/Desktop/working/飞鱼/JIZHANG/Main/Setting/ViewControllers/JZAboutViewController.h
succ:/Users/mortimer/Desktop/working/飞鱼/JIZHANG/Main/Setting/ViewControllers/JZAwokePickViewController.h
succ:/Users/mortimer/Desktop/working/飞鱼/JIZHANG/Main/Setting/ViewControllers/JZAwokeViewController.h
succ:/Users/mortimer/Desktop/working/飞鱼/JIZHANG/Main/Setting/ViewControllers/JZBudgetViewController.h
succ:/Users/mortimer/Desktop/working/飞鱼/JIZHANG/Main/Setting/ViewControllers/JZChangeGestureViewController.h
succ:/Users/mortimer/Desktop/working/飞鱼/JIZHANG/Main/Setting/ViewControllers/JZDeleteGestureViewController.h
succ:/Users/mortimer/Desktop/working/飞鱼/JIZHANG/Main/Setting/ViewControllers/JZFeedBackViewController.h
succ:/Users/mortimer/Desktop/working/飞鱼/JIZHANG/Main/Setting/ViewControllers/JZGestureLogginController.h
succ:/Users/mortimer/Desktop/working/飞鱼/JIZHANG/Main/Setting/ViewControllers/JZGestureOtherLogginViewController.h
succ:/Users/mortimer/Desktop/working/飞鱼/JIZHANG/Main/Setting/ViewControllers/JZHelpViewController.h
succ:/Users/mortimer/Desktop/working/飞鱼/JIZHANG/Main/Setting/ViewControllers/JZMineBillViewController.h
succ:/Users/mortimer/Desktop/working/飞鱼/JIZHANG/Main/Setting/ViewControllers/JZSetBudgetViewController.h
succ:/Users/mortimer/Desktop/working/飞鱼/JIZHANG/Main/Setting/ViewControllers/JZSetGestureViewController.h
succ:/Users/mortimer/Desktop/working/飞鱼/JIZHANG/Main/Setting/ViewControllers/JZSettingViewController.h
succ:/Users/mortimer/Desktop/working/飞鱼/JIZHANG/Main/Setting/ViewControllers/JZUnlockPasswordViewController.h
succ:/Users/mortimer/Desktop/working/飞鱼/JIZHANG/Main/Setting/views/JZBudgetTableViewCell.h
succ:/Users/mortimer/Desktop/working/飞鱼/JIZHANG/Main/Setting/views/JZMineBill2TableViewCell.h
succ:/Users/mortimer/Desktop/working/飞鱼/JIZHANG/Main/Setting/views/JZMineBillTableViewCell.h
succ:/Users/mortimer/Desktop/working/飞鱼/JIZHANG/Main/Setting/views/JZMinePicker.h
succ:/Users/mortimer/Desktop/working/飞鱼/JIZHANG/Main/Setting/views/JZUnlockPasswordTableViewCell.h






succ:/Users/mortimer/Desktop/working/飞鱼/JIZHANG/Main/Tools/UIColor+JZHex.h
succ:/Users/mortimer/Desktop/working/飞鱼/JIZHANG/Main/Tools/UIImage+JZExtension.h
succ:/Users/mortimer/Desktop/working/飞鱼/JIZHANG/Main/Tools/UIView+JZExtension.h
