
succ :/Users/mortimer/Desktop/working/飞鱼/JIZHANG/Main/Addition/FLAnimatedImage/FLAnimatedImage.m
succ :/Users/mortimer/Desktop/working/飞鱼/JIZHANG/Main/Addition/FLAnimatedImage/FLAnimatedImageView.m
succ :/Users/mortimer/Desktop/working/飞鱼/JIZHANG/Main/Base/JZBaseViewController.m

succ :/Users/mortimer/Desktop/working/飞鱼/JIZHANG/Main/Base/JZNavigationViewController.m
succ :/Users/mortimer/Desktop/working/飞鱼/JIZHANG/Main/Base/JZTabBar.m
succ :/Users/mortimer/Desktop/working/飞鱼/JIZHANG/Main/Base/JZTabBarViewController.m










succ :/Users/mortimer/Desktop/working/飞鱼/JIZHANG/Main/Charts/ViewControllers/JZChartsPieViewController.m
succ :/Users/mortimer/Desktop/working/飞鱼/JIZHANG/Main/Charts/ViewControllers/JZChartsViewController.m


succ :/Users/mortimer/Desktop/working/飞鱼/JIZHANG/Main/Charts/Views/JZChartsDataLineView.m
succ :/Users/mortimer/Desktop/working/飞鱼/JIZHANG/Main/Charts/Views/JZChartsDataTableView.m
succ :/Users/mortimer/Desktop/working/飞鱼/JIZHANG/Main/Charts/Views/JZChartsDataTableViewCell.m
succ :/Users/mortimer/Desktop/working/飞鱼/JIZHANG/Main/Charts/Views/JZChartsPieTableViewCell.m
succ :/Users/mortimer/Desktop/working/飞鱼/JIZHANG/Main/Charts/Views/JZChartsPieView.m
succ :/Users/mortimer/Desktop/working/飞鱼/JIZHANG/Main/Charts/Views/JZChartsScrollTitleView.m
succ :/Users/mortimer/Desktop/working/飞鱼/JIZHANG/Main/Charts/Views/JZChartsTableViewCell.m
succ :/Users/mortimer/Desktop/working/飞鱼/JIZHANG/Main/Charts/Views/JZChartsTitleCollectionViewCell.m
succ :/Users/mortimer/Desktop/working/飞鱼/JIZHANG/Main/Charts/Views/JZLineChartView.m
succ :/Users/mortimer/Desktop/working/飞鱼/JIZHANG/Main/Charts/Views/JZLineDetailTableViewCell.m
succ :/Users/mortimer/Desktop/working/飞鱼/JIZHANG/Main/Charts/Views/JZLineDetailView.m
succ :/Users/mortimer/Desktop/working/飞鱼/JIZHANG/Main/Charts/Views/JZOptionButtonView.m
succ :/Users/mortimer/Desktop/working/飞鱼/JIZHANG/Main/Charts/Views/JZOptionCollectionViewCell.m
succ :/Users/mortimer/Desktop/working/飞鱼/JIZHANG/Main/Charts/Views/JZSegmentView.m
succ :/Users/mortimer/Desktop/working/飞鱼/JIZHANG/Main/Charts/Views/JZTraingleView.m
succ :/Users/mortimer/Desktop/working/飞鱼/JIZHANG/Main/Home/JZGestureLockView/YLCircleItemView.m
succ :/Users/mortimer/Desktop/working/飞鱼/JIZHANG/Main/Home/JZGestureLockView/YLGestureLockView.m

succ :/Users/mortimer/Desktop/working/飞鱼/JIZHANG/Main/Home/JZGestureLockView/YLLittleCircleView.m




succ :/Users/mortimer/Desktop/working/飞鱼/JIZHANG/Main/Home/Skin/JZSkinCollectionViewCell.m
succ :/Users/mortimer/Desktop/working/飞鱼/JIZHANG/Main/Home/Skin/JZSkinDownloadProgressView.m
succ :/Users/mortimer/Desktop/working/飞鱼/JIZHANG/Main/Home/Skin/JZSkinManageView.m


succ :/Users/mortimer/Desktop/working/飞鱼/JIZHANG/Main/Home/Skin/VPImageCropperViewController.m
succ :/Users/mortimer/Desktop/working/飞鱼/JIZHANG/Main/Home/ViewControllers/JZGiftViewController.m
succ :/Users/mortimer/Desktop/working/飞鱼/JIZHANG/Main/Home/ViewControllers/JZHomeDetailViewController.m
succ :/Users/mortimer/Desktop/working/飞鱼/JIZHANG/Main/Home/ViewControllers/JZHomeSearchViewController.m
succ :/Users/mortimer/Desktop/working/飞鱼/JIZHANG/Main/Home/ViewControllers/JZHomeViewController.m

succ :/Users/mortimer/Desktop/working/飞鱼/JIZHANG/Main/Home/Views/JZComUpgradeView.m
succ :/Users/mortimer/Desktop/working/飞鱼/JIZHANG/Main/Home/Views/JZDatePickerView.m
succ :/Users/mortimer/Desktop/working/飞鱼/JIZHANG/Main/Home/Views/JZHomeCollectionViewCell.m
succ :/Users/mortimer/Desktop/working/飞鱼/JIZHANG/Main/Home/Views/JZHomeDetailTableViewCell.m
succ :/Users/mortimer/Desktop/working/飞鱼/JIZHANG/Main/Home/Views/JZHomeTopControl.m
succ :/Users/mortimer/Desktop/working/飞鱼/JIZHANG/Main/Home/Views/JZHomeUpdateView.m
succ :/Users/mortimer/Desktop/working/飞鱼/JIZHANG/Main/Home/Views/JZItemTableViewCell.m
succ :/Users/mortimer/Desktop/working/飞鱼/JIZHANG/Main/Home/Views/JZMarkView.m
succ :/Users/mortimer/Desktop/working/飞鱼/JIZHANG/Main/Home/Views/JZNoDataView.m






succ :/Users/mortimer/Desktop/working/飞鱼/JIZHANG/Main/Plus/ViewControllers/JZPlusSettingViewController.m
succ :/Users/mortimer/Desktop/working/飞鱼/JIZHANG/Main/Plus/ViewControllers/JZPlusViewController.m
succ :/Users/mortimer/Desktop/working/飞鱼/JIZHANG/Main/Plus/Views/JZCategorySettingTableViewCell.m
succ :/Users/mortimer/Desktop/working/飞鱼/JIZHANG/Main/Plus/Views/JZChooseViewTableViewCell.m
succ :/Users/mortimer/Desktop/working/飞鱼/JIZHANG/Main/Plus/Views/JZPlusChooseView.m
succ :/Users/mortimer/Desktop/working/飞鱼/JIZHANG/Main/Plus/Views/JZPlusCollectionViewCell.m
succ :/Users/mortimer/Desktop/working/飞鱼/JIZHANG/Main/Plus/Views/JZPlusDetailView.m
succ :/Users/mortimer/Desktop/working/飞鱼/JIZHANG/Main/Plus/Views/JZPlusTimeDetailView.m
succ :/Users/mortimer/Desktop/working/飞鱼/JIZHANG/Main/Plus/Views/JZTextInputView.m


succ :/Users/mortimer/Desktop/working/飞鱼/JIZHANG/Main/Search/ViewControllers/JZSearchViewController.m
succ :/Users/mortimer/Desktop/working/飞鱼/JIZHANG/Main/Search/ViewControllers/JZSearchWebViewController.m
succ :/Users/mortimer/Desktop/working/飞鱼/JIZHANG/Main/Search/Views/JZSearchCollectionViewCell.m
succ :/Users/mortimer/Desktop/working/飞鱼/JIZHANG/Main/Search/Views/JZSearchTableViewCell.m
succ :/Users/mortimer/Desktop/working/飞鱼/JIZHANG/Main/Setting/login/controllers/JZFindPwdComViewController.m
succ :/Users/mortimer/Desktop/working/飞鱼/JIZHANG/Main/Setting/login/controllers/JZForgetCfmViewController.m
succ :/Users/mortimer/Desktop/working/飞鱼/JIZHANG/Main/Setting/login/controllers/JZForgetPwdViewController.m
succ :/Users/mortimer/Desktop/working/飞鱼/JIZHANG/Main/Setting/login/controllers/JZGestureCodeLogginViewController.m
succ :/Users/mortimer/Desktop/working/飞鱼/JIZHANG/Main/Setting/login/controllers/JZLoginViewController.m
succ :/Users/mortimer/Desktop/working/飞鱼/JIZHANG/Main/Setting/login/controllers/JZPhoneLoginViewController.m
succ :/Users/mortimer/Desktop/working/飞鱼/JIZHANG/Main/Setting/login/views/JZForgetPwdView.m
succ :/Users/mortimer/Desktop/working/飞鱼/JIZHANG/Main/Setting/login/views/JZNavTopview.m


succ :/Users/mortimer/Desktop/working/飞鱼/JIZHANG/Main/Setting/PersonInfomation/viewcontrollers/JZBangMobileViewController.m
succ :/Users/mortimer/Desktop/working/飞鱼/JIZHANG/Main/Setting/PersonInfomation/viewcontrollers/JZBMSendCodeViewController.m
succ :/Users/mortimer/Desktop/working/飞鱼/JIZHANG/Main/Setting/PersonInfomation/viewcontrollers/JZModPwdViewController.m
succ :/Users/mortimer/Desktop/working/飞鱼/JIZHANG/Main/Setting/PersonInfomation/viewcontrollers/JZPersonInfoViewController.m
succ :/Users/mortimer/Desktop/working/飞鱼/JIZHANG/Main/Setting/Register/controllers/JZRegisterFinishViewController.m
succ :/Users/mortimer/Desktop/working/飞鱼/JIZHANG/Main/Setting/Register/controllers/JZRegisterViewController.m


succ :/Users/mortimer/Desktop/working/飞鱼/JIZHANG/Main/Setting/TouchID/JZTouchIDViewController.m
succ :/Users/mortimer/Desktop/working/飞鱼/JIZHANG/Main/Setting/ViewControllers/JZAboutViewController.m
succ :/Users/mortimer/Desktop/working/飞鱼/JIZHANG/Main/Setting/ViewControllers/JZAwokePickViewController.m
succ :/Users/mortimer/Desktop/working/飞鱼/JIZHANG/Main/Setting/ViewControllers/JZAwokeViewController.m
succ :/Users/mortimer/Desktop/working/飞鱼/JIZHANG/Main/Setting/ViewControllers/JZBudgetViewController.m
succ :/Users/mortimer/Desktop/working/飞鱼/JIZHANG/Main/Setting/ViewControllers/JZChangeGestureViewController.m
succ :/Users/mortimer/Desktop/working/飞鱼/JIZHANG/Main/Setting/ViewControllers/JZDeleteGestureViewController.m
succ :/Users/mortimer/Desktop/working/飞鱼/JIZHANG/Main/Setting/ViewControllers/JZFeedBackViewController.m
succ :/Users/mortimer/Desktop/working/飞鱼/JIZHANG/Main/Setting/ViewControllers/JZGestureLogginController.m
succ :/Users/mortimer/Desktop/working/飞鱼/JIZHANG/Main/Setting/ViewControllers/JZGestureOtherLogginViewController.m
succ :/Users/mortimer/Desktop/working/飞鱼/JIZHANG/Main/Setting/ViewControllers/JZHelpViewController.m
succ :/Users/mortimer/Desktop/working/飞鱼/JIZHANG/Main/Setting/ViewControllers/JZMineBillViewController.m
succ :/Users/mortimer/Desktop/working/飞鱼/JIZHANG/Main/Setting/ViewControllers/JZSetBudgetViewController.m
succ :/Users/mortimer/Desktop/working/飞鱼/JIZHANG/Main/Setting/ViewControllers/JZSetGestureViewController.m
succ :/Users/mortimer/Desktop/working/飞鱼/JIZHANG/Main/Setting/ViewControllers/JZSettingViewController.m
succ :/Users/mortimer/Desktop/working/飞鱼/JIZHANG/Main/Setting/ViewControllers/JZUnlockPasswordViewController.m
succ :/Users/mortimer/Desktop/working/飞鱼/JIZHANG/Main/Setting/views/JZBudgetTableViewCell.m
succ :/Users/mortimer/Desktop/working/飞鱼/JIZHANG/Main/Setting/views/JZMineBill2TableViewCell.m
succ :/Users/mortimer/Desktop/working/飞鱼/JIZHANG/Main/Setting/views/JZMineBillTableViewCell.m
succ :/Users/mortimer/Desktop/working/飞鱼/JIZHANG/Main/Setting/views/JZMinePicker.m
succ :/Users/mortimer/Desktop/working/飞鱼/JIZHANG/Main/Setting/views/JZUnlockPasswordTableViewCell.m






succ :/Users/mortimer/Desktop/working/飞鱼/JIZHANG/Main/Tools/UIColor+JZHex.m
succ :/Users/mortimer/Desktop/working/飞鱼/JIZHANG/Main/Tools/UIImage+JZExtension.m
succ :/Users/mortimer/Desktop/working/飞鱼/JIZHANG/Main/Tools/UIView+JZExtension.m
