
succ :/Users/mortimer/Desktop/working/CAISHEN/CAISHEN/AppDelegate/KXAppDelegate.m
succ :/Users/mortimer/Desktop/working/CAISHEN/CAISHEN/AppDelegate/KXBaseViewController.m

succ :/Users/mortimer/Desktop/working/CAISHEN/CAISHEN/AppDelegate/KXHomeNavgationController.m
succ :/Users/mortimer/Desktop/working/CAISHEN/CAISHEN/AppDelegate/KXHomeViewController.m
succ :/Users/mortimer/Desktop/working/CAISHEN/CAISHEN/Calculator/CalculatePage/VC/KXCalculatePageViewController.m
succ :/Users/mortimer/Desktop/working/CAISHEN/CAISHEN/Calculator/CalculatePage/View/KXCalculateTableViewCell.m
succ :/Users/mortimer/Desktop/working/CAISHEN/CAISHEN/Card/Controller/KXCreditCardViewController.m

succ :/Users/mortimer/Desktop/working/CAISHEN/CAISHEN/Card/View/KXCreditCardTableViewCell.m

succ :/Users/mortimer/Desktop/working/CAISHEN/CAISHEN/Column/VC/KXCarLoancalViewController.m
succ :/Users/mortimer/Desktop/working/CAISHEN/CAISHEN/Column/VC/KXColumnViewController.m
succ :/Users/mortimer/Desktop/working/CAISHEN/CAISHEN/Column/VC/KXCommonProblemAnswerViewController.m
succ :/Users/mortimer/Desktop/working/CAISHEN/CAISHEN/Column/VC/KXCommonProblemViewController.m
succ :/Users/mortimer/Desktop/working/CAISHEN/CAISHEN/Column/VC/KXFinancialViewController.m
succ :/Users/mortimer/Desktop/working/CAISHEN/CAISHEN/Column/VC/KXLoanRateViewController.m
succ :/Users/mortimer/Desktop/working/CAISHEN/CAISHEN/Column/VC/KXNewColumnViewController.m
succ :/Users/mortimer/Desktop/working/CAISHEN/CAISHEN/Column/View/KXCarLoanPicker.m
succ :/Users/mortimer/Desktop/working/CAISHEN/CAISHEN/Column/View/KXColumnTableViewCell.m
succ :/Users/mortimer/Desktop/working/CAISHEN/CAISHEN/Column/View/KXCommonProblemCollectionViewCell.m
succ :/Users/mortimer/Desktop/working/CAISHEN/CAISHEN/Column/View/KXCommonProblemTableViewCell.m

succ :/Users/mortimer/Desktop/working/CAISHEN/CAISHEN/Main/ChildPage/Controller/KXEqualMoneyViewController.m
succ :/Users/mortimer/Desktop/working/CAISHEN/CAISHEN/Main/ChildPage/Controller/KXEqualRateToolViewController.m
succ :/Users/mortimer/Desktop/working/CAISHEN/CAISHEN/Main/ChildPage/Controller/KXEqualRateViewController.m
succ :/Users/mortimer/Desktop/working/CAISHEN/CAISHEN/Main/ChildPage/Controller/KXHouseCalculateViewController.m
succ :/Users/mortimer/Desktop/working/CAISHEN/CAISHEN/Main/ChildPage/Controller/KXIndividualIncomeViewController.m
succ :/Users/mortimer/Desktop/working/CAISHEN/CAISHEN/Main/ChildPage/Controller/KXInstallmentViewController.m

succ :/Users/mortimer/Desktop/working/CAISHEN/CAISHEN/Main/ChildPage/Views/KXEachTableViewCell.m
succ :/Users/mortimer/Desktop/working/CAISHEN/CAISHEN/Main/ChildPage/Views/KXEqualMoneyHeader.m
succ :/Users/mortimer/Desktop/working/CAISHEN/CAISHEN/Main/ChildPage/Views/KXHouseCalculTableViewCell.m
succ :/Users/mortimer/Desktop/working/CAISHEN/CAISHEN/Main/ChildPage/Views/KXRateSelectedView.m


succ :/Users/mortimer/Desktop/working/CAISHEN/CAISHEN/Main/Detail/VC/KXMainDetailViewController.m
succ :/Users/mortimer/Desktop/working/CAISHEN/CAISHEN/Main/Detail/View/KXLittleLogginView.m
succ :/Users/mortimer/Desktop/working/CAISHEN/CAISHEN/Main/Detail/View/KXMainDetailTableViewCell.m
succ :/Users/mortimer/Desktop/working/CAISHEN/CAISHEN/Main/Detail/View/KXMainDetailThreeView.m
succ :/Users/mortimer/Desktop/working/CAISHEN/CAISHEN/Main/Detail/View/KXRecommendCollectionViewCell.m
succ :/Users/mortimer/Desktop/working/CAISHEN/CAISHEN/Main/Detail/View/KXRecommendView.m
succ :/Users/mortimer/Desktop/working/CAISHEN/CAISHEN/Main/Detail/View/KXSelectTableViewCell.m




succ :/Users/mortimer/Desktop/working/CAISHEN/CAISHEN/Main/Letter/VC/KXbodyPriceColumnViewController.m
succ :/Users/mortimer/Desktop/working/CAISHEN/CAISHEN/Main/Letter/VC/KXEventViewController.m
succ :/Users/mortimer/Desktop/working/CAISHEN/CAISHEN/Main/Letter/VC/KXLetterViewController.m
succ :/Users/mortimer/Desktop/working/CAISHEN/CAISHEN/Main/Letter/View/KXEventCollectionViewCell.m
succ :/Users/mortimer/Desktop/working/CAISHEN/CAISHEN/Main/Letter/View/KXEventTopView.m
succ :/Users/mortimer/Desktop/working/CAISHEN/CAISHEN/Main/Letter/View/KXLetterTableViewCell.m

succ :/Users/mortimer/Desktop/working/CAISHEN/CAISHEN/Main/LoanAll/VC/KXLoanAllDetailViewController.m
succ :/Users/mortimer/Desktop/working/CAISHEN/CAISHEN/Main/LoanAll/VC/KXLoanAllViewController.m
succ :/Users/mortimer/Desktop/working/CAISHEN/CAISHEN/Main/LoanAll/View/KXLoanAllTableViewCell.m


succ :/Users/mortimer/Desktop/working/CAISHEN/CAISHEN/Main/MainPage/VC/KXBaseLinkViewController.m
succ :/Users/mortimer/Desktop/working/CAISHEN/CAISHEN/Main/MainPage/VC/KXMainNewWebViewController.m
succ :/Users/mortimer/Desktop/working/CAISHEN/CAISHEN/Main/MainPage/VC/KXMainPageViewController.m
succ :/Users/mortimer/Desktop/working/CAISHEN/CAISHEN/Main/MainPage/VC/KXMainWebView2ViewController.m
succ :/Users/mortimer/Desktop/working/CAISHEN/CAISHEN/Main/MainPage/VC/KXMainWebViewController.m
succ :/Users/mortimer/Desktop/working/CAISHEN/CAISHEN/Main/MainPage/VC/KXNewTeachViewController.m
succ :/Users/mortimer/Desktop/working/CAISHEN/CAISHEN/Main/MainPage/VC/KXNewTeachViewController2.m
succ :/Users/mortimer/Desktop/working/CAISHEN/CAISHEN/Main/MainPage/VC/KXNextStepViewController.m
succ :/Users/mortimer/Desktop/working/CAISHEN/CAISHEN/Main/MainPage/VC/KXQuesViewController.m
succ :/Users/mortimer/Desktop/working/CAISHEN/CAISHEN/Main/MainPage/VC/KXTeachViewController.m
succ :/Users/mortimer/Desktop/working/CAISHEN/CAISHEN/Main/MainPage/VC/KXWebDetailViewController.m
succ :/Users/mortimer/Desktop/working/CAISHEN/CAISHEN/Main/MainPage/View/KXLoanButton.m
succ :/Users/mortimer/Desktop/working/CAISHEN/CAISHEN/Main/MainPage/View/KXMainHorizontalCycleView.m
succ :/Users/mortimer/Desktop/working/CAISHEN/CAISHEN/Main/MainPage/View/KXMainListTableViewCell.m
succ :/Users/mortimer/Desktop/working/CAISHEN/CAISHEN/Main/MainPage/View/KXMainVerticleCycleView.m
succ :/Users/mortimer/Desktop/working/CAISHEN/CAISHEN/Main/MainPage/View/KXMarkView.m
succ :/Users/mortimer/Desktop/working/CAISHEN/CAISHEN/Main/MainPage/View/KXNewTeachCollectionViewCell.m
succ :/Users/mortimer/Desktop/working/CAISHEN/CAISHEN/Main/MainPage/View/KXQuestionButton.m
succ :/Users/mortimer/Desktop/working/CAISHEN/CAISHEN/Main/MainPage/View/KXTeachCollectionViewCell.m
succ :/Users/mortimer/Desktop/working/CAISHEN/CAISHEN/Main/MainPage/View/KXTeachCycleView.m
succ :/Users/mortimer/Desktop/working/CAISHEN/CAISHEN/Main/MainPage/View/KXUpDownButton.m


succ :/Users/mortimer/Desktop/working/CAISHEN/CAISHEN/Main/NewLoan/VC/KXLoanNewViewController.m
succ :/Users/mortimer/Desktop/working/CAISHEN/CAISHEN/Main/NewMainPage/Controller/KXCustomServiceViewController.m
succ :/Users/mortimer/Desktop/working/CAISHEN/CAISHEN/Main/NewMainPage/Controller/KXNewKeySearchViewController.m
succ :/Users/mortimer/Desktop/working/CAISHEN/CAISHEN/Main/NewMainPage/Controller/KXNewMainPageViewController.m


succ :/Users/mortimer/Desktop/working/CAISHEN/CAISHEN/Main/NewMainPage/View/KXBannerCollectionViewCell.m
succ :/Users/mortimer/Desktop/working/CAISHEN/CAISHEN/Main/NewMainPage/View/KXCustomServiceTableViewCell.m
succ :/Users/mortimer/Desktop/working/CAISHEN/CAISHEN/Main/NewMainPage/View/KXKeyWordView.m





succ :/Users/mortimer/Desktop/working/CAISHEN/CAISHEN/Mine/MinePage/VC/KXAboutUsViewController.m
succ :/Users/mortimer/Desktop/working/CAISHEN/CAISHEN/Mine/MinePage/VC/KXAdviceBackViewController.m
succ :/Users/mortimer/Desktop/working/CAISHEN/CAISHEN/Mine/MinePage/VC/KXChangePasswordViewController.m
succ :/Users/mortimer/Desktop/working/CAISHEN/CAISHEN/Mine/MinePage/VC/KXForgetViewController.m
succ :/Users/mortimer/Desktop/working/CAISHEN/CAISHEN/Mine/MinePage/VC/KXLogginViewController.m
succ :/Users/mortimer/Desktop/working/CAISHEN/CAISHEN/Mine/MinePage/VC/KXMinePageViewController.m
succ :/Users/mortimer/Desktop/working/CAISHEN/CAISHEN/Mine/MinePage/VC/KXMyApplyViewController.m
succ :/Users/mortimer/Desktop/working/CAISHEN/CAISHEN/Mine/MinePage/VC/KXMyCollectViewController.m
succ :/Users/mortimer/Desktop/working/CAISHEN/CAISHEN/Mine/MinePage/VC/KXRegisterViewController.m
succ :/Users/mortimer/Desktop/working/CAISHEN/CAISHEN/Mine/MinePage/VC/KXSearchHeaderDownView.m
succ :/Users/mortimer/Desktop/working/CAISHEN/CAISHEN/Mine/MinePage/VC/KXSecondApplyViewController.m
succ :/Users/mortimer/Desktop/working/CAISHEN/CAISHEN/Mine/MinePage/VC/KXSettingViewController.m
succ :/Users/mortimer/Desktop/working/CAISHEN/CAISHEN/Mine/MinePage/View/KXMyApplyTableViewCell.m


succ :/Users/mortimer/Desktop/working/CAISHEN/CAISHEN/News/NewsPage/VC/KXCommentViewController.m
succ :/Users/mortimer/Desktop/working/CAISHEN/CAISHEN/News/NewsPage/VC/KXNewsPageViewController.m
succ :/Users/mortimer/Desktop/working/CAISHEN/CAISHEN/News/NewsPage/VC/KXNewsWebViewController.m
succ :/Users/mortimer/Desktop/working/CAISHEN/CAISHEN/News/NewsPage/View/KXCommentBottomBar.m
succ :/Users/mortimer/Desktop/working/CAISHEN/CAISHEN/News/NewsPage/View/KXCommentPutBar.m
succ :/Users/mortimer/Desktop/working/CAISHEN/CAISHEN/News/NewsPage/View/KXCommentTableViewCell.m
succ :/Users/mortimer/Desktop/working/CAISHEN/CAISHEN/News/NewsPage/View/KXNewsCycleView.m
succ :/Users/mortimer/Desktop/working/CAISHEN/CAISHEN/News/NewsPage/View/KXNewsTableViewCell.m
succ :/Users/mortimer/Desktop/working/CAISHEN/CAISHEN/News/NewsPage/View/KXOptionButtonView.m
succ :/Users/mortimer/Desktop/working/CAISHEN/CAISHEN/News/NewsPage/View/KXOptionCollectionViewCell.m
succ :/Users/mortimer/Desktop/working/CAISHEN/CAISHEN/Search/SearchPage/VC/KXSearchPageViewController.m

succ :/Users/mortimer/Desktop/working/CAISHEN/CAISHEN/Tools/Advertisement/KXLaunchAdImageView.m
succ :/Users/mortimer/Desktop/working/CAISHEN/CAISHEN/Tools/Advertisement/KXLaunchAdSkipButton.m

succ :/Users/mortimer/Desktop/working/CAISHEN/CAISHEN/Tools/Advertisement/KXLaunchImageView.m








succ :/Users/mortimer/Desktop/working/CAISHEN/CAISHEN/Tools/UIColor+KXHex.m
succ :/Users/mortimer/Desktop/working/CAISHEN/CAISHEN/Tools/UIDevice+YLDevice.m
